<?xml version="1.0" encoding="UTF-8"?>
<testng-results ignored="0" total="200" passed="200" failed="0" skipped="0">
  <reporter-output>
  </reporter-output>
  <suite started-at="2024-11-03T01:48:33 EST" name="Default suite" finished-at="2024-11-03T02:03:52 EST" duration-ms="918458">
    <groups>
      <group name="cucumber">
        <method signature="AbstractTestNGCucumberTests.runScenario(io.cucumber.testng.PickleWrapper,io.cucumber.testng.FeatureWrapper)[pri:0, instance:TestRunner.TestNGRunnerChrome@589da3f3]" name="runScenario" class="io.cucumber.testng.AbstractTestNGCucumberTests"/>
      </group> <!-- cucumber -->
    </groups>
    <test started-at="2024-11-03T01:48:33 EST" name="Default test" finished-at="2024-11-03T02:03:52 EST" duration-ms="918458">
      <class name="TestRunner.TestNGRunnerChrome">
        <test-method is-config="true" signature="defineBrowser(java.lang.String)[pri:0, instance:TestRunner.TestNGRunnerChrome@589da3f3]" started-at="2024-11-03T01:48:33 EST" name="defineBrowser" finished-at="2024-11-03T01:48:33 EST" duration-ms="16" status="PASS">
          <params>
            <param index="0">
              <value>
                <![CDATA[chrome]]>
              </value>
            </param>
          </params>
          <reporter-output>
          </reporter-output>
        </test-method> <!-- defineBrowser -->
        <test-method is-config="true" signature="setUpClass(org.testng.ITestContext)[pri:0, instance:TestRunner.TestNGRunnerChrome@589da3f3]" started-at="2024-11-03T01:48:33 EST" name="setUpClass" finished-at="2024-11-03T01:48:34 EST" duration-ms="773" status="PASS">
          <params>
            <param index="0">
              <value>
                <![CDATA[org.testng.TestRunner@7f3b3ffe]]>
              </value>
            </param>
          </params>
          <reporter-output>
          </reporter-output>
        </test-method> <!-- setUpClass -->
        <test-method signature="runScenario(io.cucumber.testng.PickleWrapper,io.cucumber.testng.FeatureWrapper)[pri:0, instance:TestRunner.TestNGRunnerChrome@589da3f3]" started-at="2024-11-03T01:48:34 EST" name="runScenario" description="Runs Cucumber Scenarios" data-provider="scenarios" finished-at="2024-11-03T01:48:37 EST" duration-ms="2506" status="PASS">
          <params>
            <param index="0">
              <value>
                <![CDATA["For navigating to dsalgo dashBoard"]]>
              </value>
            </param>
            <param index="1">
              <value>
                <![CDATA["DS Portal Application Navigation"]]>
              </value>
            </param>
          </params>
          <reporter-output>
          </reporter-output>
        </test-method> <!-- runScenario -->
        <test-method signature="runScenario(io.cucumber.testng.PickleWrapper,io.cucumber.testng.FeatureWrapper)[pri:0, instance:TestRunner.TestNGRunnerChrome@589da3f3]" started-at="2024-11-03T01:48:37 EST" name="runScenario" description="Runs Cucumber Scenarios" data-provider="scenarios" finished-at="2024-11-03T01:48:38 EST" duration-ms="1451" status="PASS">
          <params>
            <param index="0">
              <value>
                <![CDATA["DataStructures Dropdown validation"]]>
              </value>
            </param>
            <param index="1">
              <value>
                <![CDATA["DS Indtroduction Home Pageand validation without logging into it"]]>
              </value>
            </param>
          </params>
          <reporter-output>
          </reporter-output>
        </test-method> <!-- runScenario -->
        <test-method signature="runScenario(io.cucumber.testng.PickleWrapper,io.cucumber.testng.FeatureWrapper)[pri:0, instance:TestRunner.TestNGRunnerChrome@589da3f3]" started-at="2024-11-03T01:48:38 EST" name="runScenario" description="Runs Cucumber Scenarios" data-provider="scenarios" finished-at="2024-11-03T01:48:40 EST" duration-ms="1455" status="PASS">
          <params>
            <param index="0">
              <value>
                <![CDATA["user clicks DS item dropdown"]]>
              </value>
            </param>
            <param index="1">
              <value>
                <![CDATA["DS Indtroduction Home Pageand validation without logging into it"]]>
              </value>
            </param>
          </params>
          <reporter-output>
          </reporter-output>
        </test-method> <!-- runScenario -->
        <test-method signature="runScenario(io.cucumber.testng.PickleWrapper,io.cucumber.testng.FeatureWrapper)[pri:0, instance:TestRunner.TestNGRunnerChrome@589da3f3]" started-at="2024-11-03T01:48:40 EST" name="runScenario" description="Runs Cucumber Scenarios" data-provider="scenarios" finished-at="2024-11-03T01:48:41 EST" duration-ms="1470" status="PASS">
          <params>
            <param index="0">
              <value>
                <![CDATA["GetStarted buttons of DataStructures"]]>
              </value>
            </param>
            <param index="1">
              <value>
                <![CDATA["DS Indtroduction Home Pageand validation without logging into it"]]>
              </value>
            </param>
          </params>
          <reporter-output>
          </reporter-output>
        </test-method> <!-- runScenario -->
        <test-method signature="runScenario(io.cucumber.testng.PickleWrapper,io.cucumber.testng.FeatureWrapper)[pri:0, instance:TestRunner.TestNGRunnerChrome@589da3f3]" started-at="2024-11-03T01:48:41 EST" name="runScenario" description="Runs Cucumber Scenarios" data-provider="scenarios" finished-at="2024-11-03T01:48:43 EST" duration-ms="1405" status="PASS">
          <params>
            <param index="0">
              <value>
                <![CDATA["Register link on DS Portal DashBoard"]]>
              </value>
            </param>
            <param index="1">
              <value>
                <![CDATA["DS Indtroduction Home Pageand validation without logging into it"]]>
              </value>
            </param>
          </params>
          <reporter-output>
          </reporter-output>
        </test-method> <!-- runScenario -->
        <test-method signature="runScenario(io.cucumber.testng.PickleWrapper,io.cucumber.testng.FeatureWrapper)[pri:0, instance:TestRunner.TestNGRunnerChrome@589da3f3]" started-at="2024-11-03T01:48:43 EST" name="runScenario" description="Runs Cucumber Scenarios" data-provider="scenarios" finished-at="2024-11-03T01:48:44 EST" duration-ms="1429" status="PASS">
          <params>
            <param index="0">
              <value>
                <![CDATA["SignIn link on DS Home Page"]]>
              </value>
            </param>
            <param index="1">
              <value>
                <![CDATA["DS Indtroduction Home Pageand validation without logging into it"]]>
              </value>
            </param>
          </params>
          <reporter-output>
          </reporter-output>
        </test-method> <!-- runScenario -->
        <test-method signature="runScenario(io.cucumber.testng.PickleWrapper,io.cucumber.testng.FeatureWrapper)[pri:0, instance:TestRunner.TestNGRunnerChrome@589da3f3]" started-at="2024-11-03T01:48:44 EST" name="runScenario" description="Runs Cucumber Scenarios" data-provider="scenarios" finished-at="2024-11-03T01:48:45 EST" duration-ms="1231" status="PASS">
          <params>
            <param index="0">
              <value>
                <![CDATA["validate register page title"]]>
              </value>
            </param>
            <param index="1">
              <value>
                <![CDATA["Verifying or validating DS Portal Application User Registration"]]>
              </value>
            </param>
          </params>
          <reporter-output>
          </reporter-output>
        </test-method> <!-- runScenario -->
        <test-method signature="runScenario(io.cucumber.testng.PickleWrapper,io.cucumber.testng.FeatureWrapper)[pri:0, instance:TestRunner.TestNGRunnerChrome@589da3f3]" started-at="2024-11-03T01:48:45 EST" name="runScenario" description="Runs Cucumber Scenarios" data-provider="scenarios" finished-at="2024-11-03T01:48:50 EST" duration-ms="4547" status="PASS">
          <params>
            <param index="0">
              <value>
                <![CDATA["Registration with all missing required fields"]]>
              </value>
            </param>
            <param index="1">
              <value>
                <![CDATA["Verifying or validating DS Portal Application User Registration"]]>
              </value>
            </param>
          </params>
          <reporter-output>
          </reporter-output>
        </test-method> <!-- runScenario -->
        <test-method signature="runScenario(io.cucumber.testng.PickleWrapper,io.cucumber.testng.FeatureWrapper)[pri:0, instance:TestRunner.TestNGRunnerChrome@589da3f3]" started-at="2024-11-03T01:48:50 EST" name="runScenario" description="Runs Cucumber Scenarios" data-provider="scenarios" finished-at="2024-11-03T01:48:54 EST" duration-ms="4503" status="PASS">
          <params>
            <param index="0">
              <value>
                <![CDATA["Registration with only username and other fields empty"]]>
              </value>
            </param>
            <param index="1">
              <value>
                <![CDATA["Verifying or validating DS Portal Application User Registration"]]>
              </value>
            </param>
          </params>
          <reporter-output>
          </reporter-output>
        </test-method> <!-- runScenario -->
        <test-method signature="runScenario(io.cucumber.testng.PickleWrapper,io.cucumber.testng.FeatureWrapper)[pri:0, instance:TestRunner.TestNGRunnerChrome@589da3f3]" started-at="2024-11-03T01:48:54 EST" name="runScenario" description="Runs Cucumber Scenarios" data-provider="scenarios" finished-at="2024-11-03T01:48:59 EST" duration-ms="4494" status="PASS">
          <params>
            <param index="0">
              <value>
                <![CDATA["Registration with username, pwd and pwd confirmation empty"]]>
              </value>
            </param>
            <param index="1">
              <value>
                <![CDATA["Verifying or validating DS Portal Application User Registration"]]>
              </value>
            </param>
          </params>
          <reporter-output>
          </reporter-output>
        </test-method> <!-- runScenario -->
        <test-method signature="runScenario(io.cucumber.testng.PickleWrapper,io.cucumber.testng.FeatureWrapper)[pri:0, instance:TestRunner.TestNGRunnerChrome@589da3f3]" started-at="2024-11-03T01:48:59 EST" name="runScenario" description="Runs Cucumber Scenarios" data-provider="scenarios" finished-at="2024-11-03T01:49:06 EST" duration-ms="7645" status="PASS">
          <params>
            <param index="0">
              <value>
                <![CDATA["Registration with non-matching pwd confirmation"]]>
              </value>
            </param>
            <param index="1">
              <value>
                <![CDATA["Verifying or validating DS Portal Application User Registration"]]>
              </value>
            </param>
          </params>
          <reporter-output>
          </reporter-output>
        </test-method> <!-- runScenario -->
        <test-method signature="runScenario(io.cucumber.testng.PickleWrapper,io.cucumber.testng.FeatureWrapper)[pri:0, instance:TestRunner.TestNGRunnerChrome@589da3f3]" started-at="2024-11-03T01:49:06 EST" name="runScenario" description="Runs Cucumber Scenarios" data-provider="scenarios" finished-at="2024-11-03T01:49:14 EST" duration-ms="7620" status="PASS">
          <params>
            <param index="0">
              <value>
                <![CDATA["Registration with password less than given length"]]>
              </value>
            </param>
            <param index="1">
              <value>
                <![CDATA["Verifying or validating DS Portal Application User Registration"]]>
              </value>
            </param>
          </params>
          <reporter-output>
          </reporter-output>
        </test-method> <!-- runScenario -->
        <test-method signature="runScenario(io.cucumber.testng.PickleWrapper,io.cucumber.testng.FeatureWrapper)[pri:0, instance:TestRunner.TestNGRunnerChrome@589da3f3]" started-at="2024-11-03T01:49:14 EST" name="runScenario" description="Runs Cucumber Scenarios" data-provider="scenarios" finished-at="2024-11-03T01:49:22 EST" duration-ms="7906" status="PASS">
          <params>
            <param index="0">
              <value>
                <![CDATA["Verify for existing user, if user already exist shows error message user is already exist"]]>
              </value>
            </param>
            <param index="1">
              <value>
                <![CDATA["Verifying or validating DS Portal Application User Registration"]]>
              </value>
            </param>
          </params>
          <reporter-output>
          </reporter-output>
        </test-method> <!-- runScenario -->
        <test-method signature="runScenario(io.cucumber.testng.PickleWrapper,io.cucumber.testng.FeatureWrapper)[pri:0, instance:TestRunner.TestNGRunnerChrome@589da3f3]" started-at="2024-11-03T01:49:22 EST" name="runScenario" description="Runs Cucumber Scenarios" data-provider="scenarios" finished-at="2024-11-03T01:49:27 EST" duration-ms="4714" status="PASS">
          <params>
            <param index="0">
              <value>
                <![CDATA["Register user with all valid details provided"]]>
              </value>
            </param>
            <param index="1">
              <value>
                <![CDATA["Verifying or validating DS Portal Application User Registration"]]>
              </value>
            </param>
          </params>
          <reporter-output>
          </reporter-output>
        </test-method> <!-- runScenario -->
        <test-method signature="runScenario(io.cucumber.testng.PickleWrapper,io.cucumber.testng.FeatureWrapper)[pri:0, instance:TestRunner.TestNGRunnerChrome@589da3f3]" started-at="2024-11-03T01:49:27 EST" name="runScenario" description="Runs Cucumber Scenarios" data-provider="scenarios" finished-at="2024-11-03T01:49:28 EST" duration-ms="1129" status="PASS">
          <params>
            <param index="0">
              <value>
                <![CDATA["DS Portal sign in validation"]]>
              </value>
            </param>
            <param index="1">
              <value>
                <![CDATA["DS Portal Application User Login"]]>
              </value>
            </param>
          </params>
          <reporter-output>
          </reporter-output>
        </test-method> <!-- runScenario -->
        <test-method signature="runScenario(io.cucumber.testng.PickleWrapper,io.cucumber.testng.FeatureWrapper)[pri:0, instance:TestRunner.TestNGRunnerChrome@589da3f3]" started-at="2024-11-03T01:49:28 EST" name="runScenario" description="Runs Cucumber Scenarios" data-provider="scenarios" finished-at="2024-11-03T01:49:29 EST" duration-ms="1484" status="PASS">
          <params>
            <param index="0">
              <value>
                <![CDATA["Login with username invalid"]]>
              </value>
            </param>
            <param index="1">
              <value>
                <![CDATA["DS Portal Application User Login"]]>
              </value>
            </param>
          </params>
          <reporter-output>
          </reporter-output>
        </test-method> <!-- runScenario -->
        <test-method signature="runScenario(io.cucumber.testng.PickleWrapper,io.cucumber.testng.FeatureWrapper)[pri:0, instance:TestRunner.TestNGRunnerChrome@589da3f3]" started-at="2024-11-03T01:49:29 EST" name="runScenario" description="Runs Cucumber Scenarios" data-provider="scenarios" finished-at="2024-11-03T01:49:31 EST" duration-ms="1779" status="PASS">
          <params>
            <param index="0">
              <value>
                <![CDATA["Successful login with valid credentials"]]>
              </value>
            </param>
            <param index="1">
              <value>
                <![CDATA["DS Portal Application User Login"]]>
              </value>
            </param>
          </params>
          <reporter-output>
          </reporter-output>
        </test-method> <!-- runScenario -->
        <test-method signature="runScenario(io.cucumber.testng.PickleWrapper,io.cucumber.testng.FeatureWrapper)[pri:0, instance:TestRunner.TestNGRunnerChrome@589da3f3]" started-at="2024-11-03T01:49:31 EST" name="runScenario" description="Runs Cucumber Scenarios" data-provider="scenarios" finished-at="2024-11-03T01:49:34 EST" duration-ms="3320" status="PASS">
          <params>
            <param index="0">
              <value>
                <![CDATA["Validate whether Array page is loading"]]>
              </value>
            </param>
            <param index="1">
              <value>
                <![CDATA["Array Functionality with login"]]>
              </value>
            </param>
          </params>
          <reporter-output>
          </reporter-output>
        </test-method> <!-- runScenario -->
        <test-method signature="runScenario(io.cucumber.testng.PickleWrapper,io.cucumber.testng.FeatureWrapper)[pri:0, instance:TestRunner.TestNGRunnerChrome@589da3f3]" started-at="2024-11-03T01:49:34 EST" name="runScenario" description="Runs Cucumber Scenarios" data-provider="scenarios" finished-at="2024-11-03T01:49:43 EST" duration-ms="8865" status="PASS">
          <params>
            <param index="0">
              <value>
                <![CDATA["Try Editor validation for Array with testcodes"]]>
              </value>
            </param>
            <param index="1">
              <value>
                <![CDATA["Array Functionality with login"]]>
              </value>
            </param>
          </params>
          <reporter-output>
          </reporter-output>
        </test-method> <!-- runScenario -->
        <test-method signature="runScenario(io.cucumber.testng.PickleWrapper,io.cucumber.testng.FeatureWrapper)[pri:0, instance:TestRunner.TestNGRunnerChrome@589da3f3]" started-at="2024-11-03T01:49:43 EST" name="runScenario" description="Runs Cucumber Scenarios" data-provider="scenarios" finished-at="2024-11-03T01:49:51 EST" duration-ms="8042" status="PASS">
          <params>
            <param index="0">
              <value>
                <![CDATA["Try Editor validation for Array with testcodes"]]>
              </value>
            </param>
            <param index="1">
              <value>
                <![CDATA["Array Functionality with login"]]>
              </value>
            </param>
          </params>
          <reporter-output>
          </reporter-output>
        </test-method> <!-- runScenario -->
        <test-method signature="runScenario(io.cucumber.testng.PickleWrapper,io.cucumber.testng.FeatureWrapper)[pri:0, instance:TestRunner.TestNGRunnerChrome@589da3f3]" started-at="2024-11-03T01:49:51 EST" name="runScenario" description="Runs Cucumber Scenarios" data-provider="scenarios" finished-at="2024-11-03T01:49:59 EST" duration-ms="7626" status="PASS">
          <params>
            <param index="0">
              <value>
                <![CDATA["Try Editor validation for Array with testcodes"]]>
              </value>
            </param>
            <param index="1">
              <value>
                <![CDATA["Array Functionality with login"]]>
              </value>
            </param>
          </params>
          <reporter-output>
          </reporter-output>
        </test-method> <!-- runScenario -->
        <test-method signature="runScenario(io.cucumber.testng.PickleWrapper,io.cucumber.testng.FeatureWrapper)[pri:0, instance:TestRunner.TestNGRunnerChrome@589da3f3]" started-at="2024-11-03T01:49:59 EST" name="runScenario" description="Runs Cucumber Scenarios" data-provider="scenarios" finished-at="2024-11-03T01:50:06 EST" duration-ms="7562" status="PASS">
          <params>
            <param index="0">
              <value>
                <![CDATA["Try Editor validation for Array with testcodes"]]>
              </value>
            </param>
            <param index="1">
              <value>
                <![CDATA["Array Functionality with login"]]>
              </value>
            </param>
          </params>
          <reporter-output>
          </reporter-output>
        </test-method> <!-- runScenario -->
        <test-method signature="runScenario(io.cucumber.testng.PickleWrapper,io.cucumber.testng.FeatureWrapper)[pri:0, instance:TestRunner.TestNGRunnerChrome@589da3f3]" started-at="2024-11-03T01:50:06 EST" name="runScenario" description="Runs Cucumber Scenarios" data-provider="scenarios" finished-at="2024-11-03T01:50:09 EST" duration-ms="2776" status="PASS">
          <params>
            <param index="0">
              <value>
                <![CDATA["Practice Questions Validation with valid codes"]]>
              </value>
            </param>
            <param index="1">
              <value>
                <![CDATA["Array Functionality with login"]]>
              </value>
            </param>
          </params>
          <reporter-output>
          </reporter-output>
        </test-method> <!-- runScenario -->
        <test-method signature="runScenario(io.cucumber.testng.PickleWrapper,io.cucumber.testng.FeatureWrapper)[pri:0, instance:TestRunner.TestNGRunnerChrome@589da3f3]" started-at="2024-11-03T01:50:09 EST" name="runScenario" description="Runs Cucumber Scenarios" data-provider="scenarios" finished-at="2024-11-03T01:50:13 EST" duration-ms="3467" status="PASS">
          <params>
            <param index="0">
              <value>
                <![CDATA["Practice Questions Validation with valid codes"]]>
              </value>
            </param>
            <param index="1">
              <value>
                <![CDATA["Array Functionality with login"]]>
              </value>
            </param>
          </params>
          <reporter-output>
          </reporter-output>
        </test-method> <!-- runScenario -->
        <test-method signature="runScenario(io.cucumber.testng.PickleWrapper,io.cucumber.testng.FeatureWrapper)[pri:0, instance:TestRunner.TestNGRunnerChrome@589da3f3]" started-at="2024-11-03T01:50:13 EST" name="runScenario" description="Runs Cucumber Scenarios" data-provider="scenarios" finished-at="2024-11-03T01:50:16 EST" duration-ms="3180" status="PASS">
          <params>
            <param index="0">
              <value>
                <![CDATA["Practice Questions Validation with valid codes"]]>
              </value>
            </param>
            <param index="1">
              <value>
                <![CDATA["Array Functionality with login"]]>
              </value>
            </param>
          </params>
          <reporter-output>
          </reporter-output>
        </test-method> <!-- runScenario -->
        <test-method signature="runScenario(io.cucumber.testng.PickleWrapper,io.cucumber.testng.FeatureWrapper)[pri:0, instance:TestRunner.TestNGRunnerChrome@589da3f3]" started-at="2024-11-03T01:50:16 EST" name="runScenario" description="Runs Cucumber Scenarios" data-provider="scenarios" finished-at="2024-11-03T01:50:19 EST" duration-ms="3193" status="PASS">
          <params>
            <param index="0">
              <value>
                <![CDATA["Practice Questions Validation with valid codes"]]>
              </value>
            </param>
            <param index="1">
              <value>
                <![CDATA["Array Functionality with login"]]>
              </value>
            </param>
          </params>
          <reporter-output>
          </reporter-output>
        </test-method> <!-- runScenario -->
        <test-method signature="runScenario(io.cucumber.testng.PickleWrapper,io.cucumber.testng.FeatureWrapper)[pri:0, instance:TestRunner.TestNGRunnerChrome@589da3f3]" started-at="2024-11-03T01:50:19 EST" name="runScenario" description="Runs Cucumber Scenarios" data-provider="scenarios" finished-at="2024-11-03T01:50:21 EST" duration-ms="2088" status="PASS">
          <params>
            <param index="0">
              <value>
                <![CDATA["Check User able to Directed to Linked List page from Dropdown"]]>
              </value>
            </param>
            <param index="1">
              <value>
                <![CDATA["Linked List Functionality with login"]]>
              </value>
            </param>
          </params>
          <reporter-output>
          </reporter-output>
        </test-method> <!-- runScenario -->
        <test-method signature="runScenario(io.cucumber.testng.PickleWrapper,io.cucumber.testng.FeatureWrapper)[pri:0, instance:TestRunner.TestNGRunnerChrome@589da3f3]" started-at="2024-11-03T01:50:21 EST" name="runScenario" description="Runs Cucumber Scenarios" data-provider="scenarios" finished-at="2024-11-03T01:50:23 EST" duration-ms="1949" status="PASS">
          <params>
            <param index="0">
              <value>
                <![CDATA["Check User able to Directed to Linked List page from Get Started button"]]>
              </value>
            </param>
            <param index="1">
              <value>
                <![CDATA["Linked List Functionality with login"]]>
              </value>
            </param>
          </params>
          <reporter-output>
          </reporter-output>
        </test-method> <!-- runScenario -->
        <test-method signature="runScenario(io.cucumber.testng.PickleWrapper,io.cucumber.testng.FeatureWrapper)[pri:0, instance:TestRunner.TestNGRunnerChrome@589da3f3]" started-at="2024-11-03T01:50:23 EST" name="runScenario" description="Runs Cucumber Scenarios" data-provider="scenarios" finished-at="2024-11-03T01:50:26 EST" duration-ms="2606" status="PASS">
          <params>
            <param index="0">
              <value>
                <![CDATA["Check User able to directed to Introduction Topic page"]]>
              </value>
            </param>
            <param index="1">
              <value>
                <![CDATA["Linked List Functionality with login"]]>
              </value>
            </param>
          </params>
          <reporter-output>
          </reporter-output>
        </test-method> <!-- runScenario -->
        <test-method signature="runScenario(io.cucumber.testng.PickleWrapper,io.cucumber.testng.FeatureWrapper)[pri:0, instance:TestRunner.TestNGRunnerChrome@589da3f3]" started-at="2024-11-03T01:50:26 EST" name="runScenario" description="Runs Cucumber Scenarios" data-provider="scenarios" finished-at="2024-11-03T01:50:29 EST" duration-ms="3088" status="PASS">
          <params>
            <param index="0">
              <value>
                <![CDATA["Validate "Try Here" button"]]>
              </value>
            </param>
            <param index="1">
              <value>
                <![CDATA["Linked List Functionality with login"]]>
              </value>
            </param>
          </params>
          <reporter-output>
          </reporter-output>
        </test-method> <!-- runScenario -->
        <test-method signature="runScenario(io.cucumber.testng.PickleWrapper,io.cucumber.testng.FeatureWrapper)[pri:0, instance:TestRunner.TestNGRunnerChrome@589da3f3]" started-at="2024-11-03T01:50:29 EST" name="runScenario" description="Runs Cucumber Scenarios" data-provider="scenarios" finished-at="2024-11-03T01:50:36 EST" duration-ms="7467" status="PASS">
          <params>
            <param index="0">
              <value>
                <![CDATA["Try Editor validation for Introduction Topic with valid testcodes"]]>
              </value>
            </param>
            <param index="1">
              <value>
                <![CDATA["Linked List Functionality with login"]]>
              </value>
            </param>
          </params>
          <reporter-output>
          </reporter-output>
        </test-method> <!-- runScenario -->
        <test-method signature="runScenario(io.cucumber.testng.PickleWrapper,io.cucumber.testng.FeatureWrapper)[pri:0, instance:TestRunner.TestNGRunnerChrome@589da3f3]" started-at="2024-11-03T01:50:36 EST" name="runScenario" description="Runs Cucumber Scenarios" data-provider="scenarios" finished-at="2024-11-03T01:50:44 EST" duration-ms="7310" status="PASS">
          <params>
            <param index="0">
              <value>
                <![CDATA["Try Editor validation for Introduction Topic with invalid testcode"]]>
              </value>
            </param>
            <param index="1">
              <value>
                <![CDATA["Linked List Functionality with login"]]>
              </value>
            </param>
          </params>
          <reporter-output>
          </reporter-output>
        </test-method> <!-- runScenario -->
        <test-method signature="runScenario(io.cucumber.testng.PickleWrapper,io.cucumber.testng.FeatureWrapper)[pri:0, instance:TestRunner.TestNGRunnerChrome@589da3f3]" started-at="2024-11-03T01:50:44 EST" name="runScenario" description="Runs Cucumber Scenarios" data-provider="scenarios" finished-at="2024-11-03T01:50:46 EST" duration-ms="2517" status="PASS">
          <params>
            <param index="0">
              <value>
                <![CDATA["Check User able to directed to Creating Linked LIst Topic page"]]>
              </value>
            </param>
            <param index="1">
              <value>
                <![CDATA["Linked List Functionality with login"]]>
              </value>
            </param>
          </params>
          <reporter-output>
          </reporter-output>
        </test-method> <!-- runScenario -->
        <test-method signature="runScenario(io.cucumber.testng.PickleWrapper,io.cucumber.testng.FeatureWrapper)[pri:0, instance:TestRunner.TestNGRunnerChrome@589da3f3]" started-at="2024-11-03T01:50:46 EST" name="runScenario" description="Runs Cucumber Scenarios" data-provider="scenarios" finished-at="2024-11-03T01:50:49 EST" duration-ms="2759" status="PASS">
          <params>
            <param index="0">
              <value>
                <![CDATA["Validate "Try Here" button"]]>
              </value>
            </param>
            <param index="1">
              <value>
                <![CDATA["Linked List Functionality with login"]]>
              </value>
            </param>
          </params>
          <reporter-output>
          </reporter-output>
        </test-method> <!-- runScenario -->
        <test-method signature="runScenario(io.cucumber.testng.PickleWrapper,io.cucumber.testng.FeatureWrapper)[pri:0, instance:TestRunner.TestNGRunnerChrome@589da3f3]" started-at="2024-11-03T01:50:49 EST" name="runScenario" description="Runs Cucumber Scenarios" data-provider="scenarios" finished-at="2024-11-03T01:50:56 EST" duration-ms="7293" status="PASS">
          <params>
            <param index="0">
              <value>
                <![CDATA["Try Editor validation for Creating Linked LIst Topic with  Valid codes"]]>
              </value>
            </param>
            <param index="1">
              <value>
                <![CDATA["Linked List Functionality with login"]]>
              </value>
            </param>
          </params>
          <reporter-output>
          </reporter-output>
        </test-method> <!-- runScenario -->
        <test-method signature="runScenario(io.cucumber.testng.PickleWrapper,io.cucumber.testng.FeatureWrapper)[pri:0, instance:TestRunner.TestNGRunnerChrome@589da3f3]" started-at="2024-11-03T01:50:56 EST" name="runScenario" description="Runs Cucumber Scenarios" data-provider="scenarios" finished-at="2024-11-03T01:51:03 EST" duration-ms="7176" status="PASS">
          <params>
            <param index="0">
              <value>
                <![CDATA["Try Editor validation for Creating Linked LIst Topic with invalid codes"]]>
              </value>
            </param>
            <param index="1">
              <value>
                <![CDATA["Linked List Functionality with login"]]>
              </value>
            </param>
          </params>
          <reporter-output>
          </reporter-output>
        </test-method> <!-- runScenario -->
        <test-method signature="runScenario(io.cucumber.testng.PickleWrapper,io.cucumber.testng.FeatureWrapper)[pri:0, instance:TestRunner.TestNGRunnerChrome@589da3f3]" started-at="2024-11-03T01:51:03 EST" name="runScenario" description="Runs Cucumber Scenarios" data-provider="scenarios" finished-at="2024-11-03T01:51:06 EST" duration-ms="2556" status="PASS">
          <params>
            <param index="0">
              <value>
                <![CDATA["Check User able to directed to Types of Linked List Topic page"]]>
              </value>
            </param>
            <param index="1">
              <value>
                <![CDATA["Linked List Functionality with login"]]>
              </value>
            </param>
          </params>
          <reporter-output>
          </reporter-output>
        </test-method> <!-- runScenario -->
        <test-method signature="runScenario(io.cucumber.testng.PickleWrapper,io.cucumber.testng.FeatureWrapper)[pri:0, instance:TestRunner.TestNGRunnerChrome@589da3f3]" started-at="2024-11-03T01:51:06 EST" name="runScenario" description="Runs Cucumber Scenarios" data-provider="scenarios" finished-at="2024-11-03T01:51:09 EST" duration-ms="2888" status="PASS">
          <params>
            <param index="0">
              <value>
                <![CDATA["Validate "Try Here" button"]]>
              </value>
            </param>
            <param index="1">
              <value>
                <![CDATA["Linked List Functionality with login"]]>
              </value>
            </param>
          </params>
          <reporter-output>
          </reporter-output>
        </test-method> <!-- runScenario -->
        <test-method signature="runScenario(io.cucumber.testng.PickleWrapper,io.cucumber.testng.FeatureWrapper)[pri:0, instance:TestRunner.TestNGRunnerChrome@589da3f3]" started-at="2024-11-03T01:51:09 EST" name="runScenario" description="Runs Cucumber Scenarios" data-provider="scenarios" finished-at="2024-11-03T01:51:16 EST" duration-ms="7370" status="PASS">
          <params>
            <param index="0">
              <value>
                <![CDATA["Try Editor validation for Types of Linked List Topic with valid codes"]]>
              </value>
            </param>
            <param index="1">
              <value>
                <![CDATA["Linked List Functionality with login"]]>
              </value>
            </param>
          </params>
          <reporter-output>
          </reporter-output>
        </test-method> <!-- runScenario -->
        <test-method signature="runScenario(io.cucumber.testng.PickleWrapper,io.cucumber.testng.FeatureWrapper)[pri:0, instance:TestRunner.TestNGRunnerChrome@589da3f3]" started-at="2024-11-03T01:51:16 EST" name="runScenario" description="Runs Cucumber Scenarios" data-provider="scenarios" finished-at="2024-11-03T01:51:24 EST" duration-ms="7547" status="PASS">
          <params>
            <param index="0">
              <value>
                <![CDATA["Try Editor validation for Types of Linked List Topic with invalid codes"]]>
              </value>
            </param>
            <param index="1">
              <value>
                <![CDATA["Linked List Functionality with login"]]>
              </value>
            </param>
          </params>
          <reporter-output>
          </reporter-output>
        </test-method> <!-- runScenario -->
        <test-method signature="runScenario(io.cucumber.testng.PickleWrapper,io.cucumber.testng.FeatureWrapper)[pri:0, instance:TestRunner.TestNGRunnerChrome@589da3f3]" started-at="2024-11-03T01:51:24 EST" name="runScenario" description="Runs Cucumber Scenarios" data-provider="scenarios" finished-at="2024-11-03T01:51:26 EST" duration-ms="2399" status="PASS">
          <params>
            <param index="0">
              <value>
                <![CDATA["Check User able to directed to Implement Linked List in Python Topic page"]]>
              </value>
            </param>
            <param index="1">
              <value>
                <![CDATA["Linked List Functionality with login"]]>
              </value>
            </param>
          </params>
          <reporter-output>
          </reporter-output>
        </test-method> <!-- runScenario -->
        <test-method signature="runScenario(io.cucumber.testng.PickleWrapper,io.cucumber.testng.FeatureWrapper)[pri:0, instance:TestRunner.TestNGRunnerChrome@589da3f3]" started-at="2024-11-03T01:51:26 EST" name="runScenario" description="Runs Cucumber Scenarios" data-provider="scenarios" finished-at="2024-11-03T01:51:29 EST" duration-ms="2980" status="PASS">
          <params>
            <param index="0">
              <value>
                <![CDATA["Validate "Try Here" button"]]>
              </value>
            </param>
            <param index="1">
              <value>
                <![CDATA["Linked List Functionality with login"]]>
              </value>
            </param>
          </params>
          <reporter-output>
          </reporter-output>
        </test-method> <!-- runScenario -->
        <test-method signature="runScenario(io.cucumber.testng.PickleWrapper,io.cucumber.testng.FeatureWrapper)[pri:0, instance:TestRunner.TestNGRunnerChrome@589da3f3]" started-at="2024-11-03T01:51:29 EST" name="runScenario" description="Runs Cucumber Scenarios" data-provider="scenarios" finished-at="2024-11-03T01:51:36 EST" duration-ms="7267" status="PASS">
          <params>
            <param index="0">
              <value>
                <![CDATA["Try Editor validation for Implement Linked List in Python Topic with testcodes"]]>
              </value>
            </param>
            <param index="1">
              <value>
                <![CDATA["Linked List Functionality with login"]]>
              </value>
            </param>
          </params>
          <reporter-output>
          </reporter-output>
        </test-method> <!-- runScenario -->
        <test-method signature="runScenario(io.cucumber.testng.PickleWrapper,io.cucumber.testng.FeatureWrapper)[pri:0, instance:TestRunner.TestNGRunnerChrome@589da3f3]" started-at="2024-11-03T01:51:36 EST" name="runScenario" description="Runs Cucumber Scenarios" data-provider="scenarios" finished-at="2024-11-03T01:51:44 EST" duration-ms="7208" status="PASS">
          <params>
            <param index="0">
              <value>
                <![CDATA["Try Editor validation for Implement Linked List in Python Topic with testcodes"]]>
              </value>
            </param>
            <param index="1">
              <value>
                <![CDATA["Linked List Functionality with login"]]>
              </value>
            </param>
          </params>
          <reporter-output>
          </reporter-output>
        </test-method> <!-- runScenario -->
        <test-method signature="runScenario(io.cucumber.testng.PickleWrapper,io.cucumber.testng.FeatureWrapper)[pri:0, instance:TestRunner.TestNGRunnerChrome@589da3f3]" started-at="2024-11-03T01:51:44 EST" name="runScenario" description="Runs Cucumber Scenarios" data-provider="scenarios" finished-at="2024-11-03T01:51:46 EST" duration-ms="2585" status="PASS">
          <params>
            <param index="0">
              <value>
                <![CDATA["Check User able to directed to Traversal Topic page"]]>
              </value>
            </param>
            <param index="1">
              <value>
                <![CDATA["Linked List Functionality with login"]]>
              </value>
            </param>
          </params>
          <reporter-output>
          </reporter-output>
        </test-method> <!-- runScenario -->
        <test-method signature="runScenario(io.cucumber.testng.PickleWrapper,io.cucumber.testng.FeatureWrapper)[pri:0, instance:TestRunner.TestNGRunnerChrome@589da3f3]" started-at="2024-11-03T01:51:46 EST" name="runScenario" description="Runs Cucumber Scenarios" data-provider="scenarios" finished-at="2024-11-03T01:51:49 EST" duration-ms="2887" status="PASS">
          <params>
            <param index="0">
              <value>
                <![CDATA["Validate "Try Here" button"]]>
              </value>
            </param>
            <param index="1">
              <value>
                <![CDATA["Linked List Functionality with login"]]>
              </value>
            </param>
          </params>
          <reporter-output>
          </reporter-output>
        </test-method> <!-- runScenario -->
        <test-method signature="runScenario(io.cucumber.testng.PickleWrapper,io.cucumber.testng.FeatureWrapper)[pri:0, instance:TestRunner.TestNGRunnerChrome@589da3f3]" started-at="2024-11-03T01:51:49 EST" name="runScenario" description="Runs Cucumber Scenarios" data-provider="scenarios" finished-at="2024-11-03T01:51:56 EST" duration-ms="7333" status="PASS">
          <params>
            <param index="0">
              <value>
                <![CDATA["Try Editor validation for Traversal Topic with testcodes"]]>
              </value>
            </param>
            <param index="1">
              <value>
                <![CDATA["Linked List Functionality with login"]]>
              </value>
            </param>
          </params>
          <reporter-output>
          </reporter-output>
        </test-method> <!-- runScenario -->
        <test-method signature="runScenario(io.cucumber.testng.PickleWrapper,io.cucumber.testng.FeatureWrapper)[pri:0, instance:TestRunner.TestNGRunnerChrome@589da3f3]" started-at="2024-11-03T01:51:56 EST" name="runScenario" description="Runs Cucumber Scenarios" data-provider="scenarios" finished-at="2024-11-03T01:52:04 EST" duration-ms="7259" status="PASS">
          <params>
            <param index="0">
              <value>
                <![CDATA["Try Editor validation for Traversal Topic with invalid code"]]>
              </value>
            </param>
            <param index="1">
              <value>
                <![CDATA["Linked List Functionality with login"]]>
              </value>
            </param>
          </params>
          <reporter-output>
          </reporter-output>
        </test-method> <!-- runScenario -->
        <test-method signature="runScenario(io.cucumber.testng.PickleWrapper,io.cucumber.testng.FeatureWrapper)[pri:0, instance:TestRunner.TestNGRunnerChrome@589da3f3]" started-at="2024-11-03T01:52:04 EST" name="runScenario" description="Runs Cucumber Scenarios" data-provider="scenarios" finished-at="2024-11-03T01:52:06 EST" duration-ms="2548" status="PASS">
          <params>
            <param index="0">
              <value>
                <![CDATA["Check User able to directed to Insertion Topic page"]]>
              </value>
            </param>
            <param index="1">
              <value>
                <![CDATA["Linked List Functionality with login"]]>
              </value>
            </param>
          </params>
          <reporter-output>
          </reporter-output>
        </test-method> <!-- runScenario -->
        <test-method signature="runScenario(io.cucumber.testng.PickleWrapper,io.cucumber.testng.FeatureWrapper)[pri:0, instance:TestRunner.TestNGRunnerChrome@589da3f3]" started-at="2024-11-03T01:52:06 EST" name="runScenario" description="Runs Cucumber Scenarios" data-provider="scenarios" finished-at="2024-11-03T01:52:09 EST" duration-ms="2871" status="PASS">
          <params>
            <param index="0">
              <value>
                <![CDATA["Validate "Try Here" button"]]>
              </value>
            </param>
            <param index="1">
              <value>
                <![CDATA["Linked List Functionality with login"]]>
              </value>
            </param>
          </params>
          <reporter-output>
          </reporter-output>
        </test-method> <!-- runScenario -->
        <test-method signature="runScenario(io.cucumber.testng.PickleWrapper,io.cucumber.testng.FeatureWrapper)[pri:0, instance:TestRunner.TestNGRunnerChrome@589da3f3]" started-at="2024-11-03T01:52:09 EST" name="runScenario" description="Runs Cucumber Scenarios" data-provider="scenarios" finished-at="2024-11-03T01:52:16 EST" duration-ms="7214" status="PASS">
          <params>
            <param index="0">
              <value>
                <![CDATA["Try Editor validation for Insertion Topic with valid code"]]>
              </value>
            </param>
            <param index="1">
              <value>
                <![CDATA["Linked List Functionality with login"]]>
              </value>
            </param>
          </params>
          <reporter-output>
          </reporter-output>
        </test-method> <!-- runScenario -->
        <test-method signature="runScenario(io.cucumber.testng.PickleWrapper,io.cucumber.testng.FeatureWrapper)[pri:0, instance:TestRunner.TestNGRunnerChrome@589da3f3]" started-at="2024-11-03T01:52:16 EST" name="runScenario" description="Runs Cucumber Scenarios" data-provider="scenarios" finished-at="2024-11-03T01:52:24 EST" duration-ms="7297" status="PASS">
          <params>
            <param index="0">
              <value>
                <![CDATA["Try Editor validation for Insertion Topic with invalid code"]]>
              </value>
            </param>
            <param index="1">
              <value>
                <![CDATA["Linked List Functionality with login"]]>
              </value>
            </param>
          </params>
          <reporter-output>
          </reporter-output>
        </test-method> <!-- runScenario -->
        <test-method signature="runScenario(io.cucumber.testng.PickleWrapper,io.cucumber.testng.FeatureWrapper)[pri:0, instance:TestRunner.TestNGRunnerChrome@589da3f3]" started-at="2024-11-03T01:52:24 EST" name="runScenario" description="Runs Cucumber Scenarios" data-provider="scenarios" finished-at="2024-11-03T01:52:26 EST" duration-ms="2409" status="PASS">
          <params>
            <param index="0">
              <value>
                <![CDATA["Check User able to directed to Deletion Topic page"]]>
              </value>
            </param>
            <param index="1">
              <value>
                <![CDATA["Linked List Functionality with login"]]>
              </value>
            </param>
          </params>
          <reporter-output>
          </reporter-output>
        </test-method> <!-- runScenario -->
        <test-method signature="runScenario(io.cucumber.testng.PickleWrapper,io.cucumber.testng.FeatureWrapper)[pri:0, instance:TestRunner.TestNGRunnerChrome@589da3f3]" started-at="2024-11-03T01:52:26 EST" name="runScenario" description="Runs Cucumber Scenarios" data-provider="scenarios" finished-at="2024-11-03T01:52:29 EST" duration-ms="2914" status="PASS">
          <params>
            <param index="0">
              <value>
                <![CDATA["Validate "Try Here" button"]]>
              </value>
            </param>
            <param index="1">
              <value>
                <![CDATA["Linked List Functionality with login"]]>
              </value>
            </param>
          </params>
          <reporter-output>
          </reporter-output>
        </test-method> <!-- runScenario -->
        <test-method signature="runScenario(io.cucumber.testng.PickleWrapper,io.cucumber.testng.FeatureWrapper)[pri:0, instance:TestRunner.TestNGRunnerChrome@589da3f3]" started-at="2024-11-03T01:52:29 EST" name="runScenario" description="Runs Cucumber Scenarios" data-provider="scenarios" finished-at="2024-11-03T01:52:36 EST" duration-ms="7267" status="PASS">
          <params>
            <param index="0">
              <value>
                <![CDATA["Try Editor validation for Deletion Topic with valid code"]]>
              </value>
            </param>
            <param index="1">
              <value>
                <![CDATA["Linked List Functionality with login"]]>
              </value>
            </param>
          </params>
          <reporter-output>
          </reporter-output>
        </test-method> <!-- runScenario -->
        <test-method signature="runScenario(io.cucumber.testng.PickleWrapper,io.cucumber.testng.FeatureWrapper)[pri:0, instance:TestRunner.TestNGRunnerChrome@589da3f3]" started-at="2024-11-03T01:52:36 EST" name="runScenario" description="Runs Cucumber Scenarios" data-provider="scenarios" finished-at="2024-11-03T01:52:43 EST" duration-ms="7069" status="PASS">
          <params>
            <param index="0">
              <value>
                <![CDATA["Try Editor validation for Deletion Topic with invalid code"]]>
              </value>
            </param>
            <param index="1">
              <value>
                <![CDATA["Linked List Functionality with login"]]>
              </value>
            </param>
          </params>
          <reporter-output>
          </reporter-output>
        </test-method> <!-- runScenario -->
        <test-method signature="runScenario(io.cucumber.testng.PickleWrapper,io.cucumber.testng.FeatureWrapper)[pri:0, instance:TestRunner.TestNGRunnerChrome@589da3f3]" started-at="2024-11-03T01:52:43 EST" name="runScenario" description="Runs Cucumber Scenarios" data-provider="scenarios" finished-at="2024-11-03T01:52:46 EST" duration-ms="2656" status="PASS">
          <params>
            <param index="0">
              <value>
                <![CDATA["Check User able to Directed to Graph page from Dropdown in Linked List page"]]>
              </value>
            </param>
            <param index="1">
              <value>
                <![CDATA["Linked List Functionality with login"]]>
              </value>
            </param>
          </params>
          <reporter-output>
          </reporter-output>
        </test-method> <!-- runScenario -->
        <test-method signature="runScenario(io.cucumber.testng.PickleWrapper,io.cucumber.testng.FeatureWrapper)[pri:0, instance:TestRunner.TestNGRunnerChrome@589da3f3]" started-at="2024-11-03T01:52:46 EST" name="runScenario" description="Runs Cucumber Scenarios" data-provider="scenarios" finished-at="2024-11-03T01:52:49 EST" duration-ms="2634" status="PASS">
          <params>
            <param index="0">
              <value>
                <![CDATA["Check User able to Directed to Satck page from Dropdown in Linked List page"]]>
              </value>
            </param>
            <param index="1">
              <value>
                <![CDATA["Linked List Functionality with login"]]>
              </value>
            </param>
          </params>
          <reporter-output>
          </reporter-output>
        </test-method> <!-- runScenario -->
        <test-method signature="runScenario(io.cucumber.testng.PickleWrapper,io.cucumber.testng.FeatureWrapper)[pri:0, instance:TestRunner.TestNGRunnerChrome@589da3f3]" started-at="2024-11-03T01:52:49 EST" name="runScenario" description="Runs Cucumber Scenarios" data-provider="scenarios" finished-at="2024-11-03T01:52:51 EST" duration-ms="2476" status="PASS">
          <params>
            <param index="0">
              <value>
                <![CDATA["Check User able to Directed to Queue page from Dropdown in Linked List page"]]>
              </value>
            </param>
            <param index="1">
              <value>
                <![CDATA["Linked List Functionality with login"]]>
              </value>
            </param>
          </params>
          <reporter-output>
          </reporter-output>
        </test-method> <!-- runScenario -->
        <test-method signature="runScenario(io.cucumber.testng.PickleWrapper,io.cucumber.testng.FeatureWrapper)[pri:0, instance:TestRunner.TestNGRunnerChrome@589da3f3]" started-at="2024-11-03T01:52:51 EST" name="runScenario" description="Runs Cucumber Scenarios" data-provider="scenarios" finished-at="2024-11-03T01:52:54 EST" duration-ms="2588" status="PASS">
          <params>
            <param index="0">
              <value>
                <![CDATA["Check User able to Directed to Tree page from Dropdown in Linked List page"]]>
              </value>
            </param>
            <param index="1">
              <value>
                <![CDATA["Linked List Functionality with login"]]>
              </value>
            </param>
          </params>
          <reporter-output>
          </reporter-output>
        </test-method> <!-- runScenario -->
        <test-method signature="runScenario(io.cucumber.testng.PickleWrapper,io.cucumber.testng.FeatureWrapper)[pri:0, instance:TestRunner.TestNGRunnerChrome@589da3f3]" started-at="2024-11-03T01:52:54 EST" name="runScenario" description="Runs Cucumber Scenarios" data-provider="scenarios" finished-at="2024-11-03T01:52:56 EST" duration-ms="2670" status="PASS">
          <params>
            <param index="0">
              <value>
                <![CDATA["Check User able to Directed to Array page from Dropdown in Linked List page"]]>
              </value>
            </param>
            <param index="1">
              <value>
                <![CDATA["Linked List Functionality with login"]]>
              </value>
            </param>
          </params>
          <reporter-output>
          </reporter-output>
        </test-method> <!-- runScenario -->
        <test-method signature="runScenario(io.cucumber.testng.PickleWrapper,io.cucumber.testng.FeatureWrapper)[pri:0, instance:TestRunner.TestNGRunnerChrome@589da3f3]" started-at="2024-11-03T01:52:56 EST" name="runScenario" description="Runs Cucumber Scenarios" data-provider="scenarios" finished-at="2024-11-03T01:52:59 EST" duration-ms="2602" status="PASS">
          <params>
            <param index="0">
              <value>
                <![CDATA["Check User is on same Linked List from Dropdown in Linked List page"]]>
              </value>
            </param>
            <param index="1">
              <value>
                <![CDATA["Linked List Functionality with login"]]>
              </value>
            </param>
          </params>
          <reporter-output>
          </reporter-output>
        </test-method> <!-- runScenario -->
        <test-method signature="runScenario(io.cucumber.testng.PickleWrapper,io.cucumber.testng.FeatureWrapper)[pri:0, instance:TestRunner.TestNGRunnerChrome@589da3f3]" started-at="2024-11-03T01:52:59 EST" name="runScenario" description="Runs Cucumber Scenarios" data-provider="scenarios" finished-at="2024-11-03T01:53:01 EST" duration-ms="2484" status="PASS">
          <params>
            <param index="0">
              <value>
                <![CDATA["Check User is on same Linked List clicked on Scrutinizers(UserName) Link"]]>
              </value>
            </param>
            <param index="1">
              <value>
                <![CDATA["Linked List Functionality with login"]]>
              </value>
            </param>
          </params>
          <reporter-output>
          </reporter-output>
        </test-method> <!-- runScenario -->
        <test-method signature="runScenario(io.cucumber.testng.PickleWrapper,io.cucumber.testng.FeatureWrapper)[pri:0, instance:TestRunner.TestNGRunnerChrome@589da3f3]" started-at="2024-11-03T01:53:01 EST" name="runScenario" description="Runs Cucumber Scenarios" data-provider="scenarios" finished-at="2024-11-03T01:53:04 EST" duration-ms="3117" status="PASS">
          <params>
            <param index="0">
              <value>
                <![CDATA["Try Editor validation for Introduction Topic with no testcode"]]>
              </value>
            </param>
            <param index="1">
              <value>
                <![CDATA["Linked List Functionality with login"]]>
              </value>
            </param>
          </params>
          <reporter-output>
          </reporter-output>
        </test-method> <!-- runScenario -->
        <test-method signature="runScenario(io.cucumber.testng.PickleWrapper,io.cucumber.testng.FeatureWrapper)[pri:0, instance:TestRunner.TestNGRunnerChrome@589da3f3]" started-at="2024-11-03T01:53:04 EST" name="runScenario" description="Runs Cucumber Scenarios" data-provider="scenarios" finished-at="2024-11-03T01:53:08 EST" duration-ms="3140" status="PASS">
          <params>
            <param index="0">
              <value>
                <![CDATA["Try Editor validation for Creating Linked LIst Topic with  no code"]]>
              </value>
            </param>
            <param index="1">
              <value>
                <![CDATA["Linked List Functionality with login"]]>
              </value>
            </param>
          </params>
          <reporter-output>
          </reporter-output>
        </test-method> <!-- runScenario -->
        <test-method signature="runScenario(io.cucumber.testng.PickleWrapper,io.cucumber.testng.FeatureWrapper)[pri:0, instance:TestRunner.TestNGRunnerChrome@589da3f3]" started-at="2024-11-03T01:53:08 EST" name="runScenario" description="Runs Cucumber Scenarios" data-provider="scenarios" finished-at="2024-11-03T01:53:11 EST" duration-ms="3207" status="PASS">
          <params>
            <param index="0">
              <value>
                <![CDATA["Try Editor validation for Types of Linked List Topic with no code"]]>
              </value>
            </param>
            <param index="1">
              <value>
                <![CDATA["Linked List Functionality with login"]]>
              </value>
            </param>
          </params>
          <reporter-output>
          </reporter-output>
        </test-method> <!-- runScenario -->
        <test-method signature="runScenario(io.cucumber.testng.PickleWrapper,io.cucumber.testng.FeatureWrapper)[pri:0, instance:TestRunner.TestNGRunnerChrome@589da3f3]" started-at="2024-11-03T01:53:11 EST" name="runScenario" description="Runs Cucumber Scenarios" data-provider="scenarios" finished-at="2024-11-03T01:53:14 EST" duration-ms="3096" status="PASS">
          <params>
            <param index="0">
              <value>
                <![CDATA["Try Editor validation for Implement Linked List in Python Topic with no testcode"]]>
              </value>
            </param>
            <param index="1">
              <value>
                <![CDATA["Linked List Functionality with login"]]>
              </value>
            </param>
          </params>
          <reporter-output>
          </reporter-output>
        </test-method> <!-- runScenario -->
        <test-method signature="runScenario(io.cucumber.testng.PickleWrapper,io.cucumber.testng.FeatureWrapper)[pri:0, instance:TestRunner.TestNGRunnerChrome@589da3f3]" started-at="2024-11-03T01:53:14 EST" name="runScenario" description="Runs Cucumber Scenarios" data-provider="scenarios" finished-at="2024-11-03T01:53:17 EST" duration-ms="3211" status="PASS">
          <params>
            <param index="0">
              <value>
                <![CDATA["Try Editor validation for Traversal Topic with no code"]]>
              </value>
            </param>
            <param index="1">
              <value>
                <![CDATA["Linked List Functionality with login"]]>
              </value>
            </param>
          </params>
          <reporter-output>
          </reporter-output>
        </test-method> <!-- runScenario -->
        <test-method signature="runScenario(io.cucumber.testng.PickleWrapper,io.cucumber.testng.FeatureWrapper)[pri:0, instance:TestRunner.TestNGRunnerChrome@589da3f3]" started-at="2024-11-03T01:53:17 EST" name="runScenario" description="Runs Cucumber Scenarios" data-provider="scenarios" finished-at="2024-11-03T01:53:20 EST" duration-ms="2974" status="PASS">
          <params>
            <param index="0">
              <value>
                <![CDATA["Try Editor validation for Insertion Topic with no code"]]>
              </value>
            </param>
            <param index="1">
              <value>
                <![CDATA["Linked List Functionality with login"]]>
              </value>
            </param>
          </params>
          <reporter-output>
          </reporter-output>
        </test-method> <!-- runScenario -->
        <test-method signature="runScenario(io.cucumber.testng.PickleWrapper,io.cucumber.testng.FeatureWrapper)[pri:0, instance:TestRunner.TestNGRunnerChrome@589da3f3]" started-at="2024-11-03T01:53:20 EST" name="runScenario" description="Runs Cucumber Scenarios" data-provider="scenarios" finished-at="2024-11-03T01:53:23 EST" duration-ms="3137" status="PASS">
          <params>
            <param index="0">
              <value>
                <![CDATA["Try Editor validation for Deletion Topic with no code"]]>
              </value>
            </param>
            <param index="1">
              <value>
                <![CDATA["Linked List Functionality with login"]]>
              </value>
            </param>
          </params>
          <reporter-output>
          </reporter-output>
        </test-method> <!-- runScenario -->
        <test-method signature="runScenario(io.cucumber.testng.PickleWrapper,io.cucumber.testng.FeatureWrapper)[pri:0, instance:TestRunner.TestNGRunnerChrome@589da3f3]" started-at="2024-11-03T01:53:23 EST" name="runScenario" description="Runs Cucumber Scenarios" data-provider="scenarios" finished-at="2024-11-03T01:53:25 EST" duration-ms="1995" status="PASS">
          <params>
            <param index="0">
              <value>
                <![CDATA["Check User able to Directed to Satck page from Dropdown"]]>
              </value>
            </param>
            <param index="1">
              <value>
                <![CDATA["Stack Functionality with login"]]>
              </value>
            </param>
          </params>
          <reporter-output>
          </reporter-output>
        </test-method> <!-- runScenario -->
        <test-method signature="runScenario(io.cucumber.testng.PickleWrapper,io.cucumber.testng.FeatureWrapper)[pri:0, instance:TestRunner.TestNGRunnerChrome@589da3f3]" started-at="2024-11-03T01:53:25 EST" name="runScenario" description="Runs Cucumber Scenarios" data-provider="scenarios" finished-at="2024-11-03T01:53:27 EST" duration-ms="1998" status="PASS">
          <params>
            <param index="0">
              <value>
                <![CDATA["Check User able to Directed to Stack page from Get Started button"]]>
              </value>
            </param>
            <param index="1">
              <value>
                <![CDATA["Stack Functionality with login"]]>
              </value>
            </param>
          </params>
          <reporter-output>
          </reporter-output>
        </test-method> <!-- runScenario -->
        <test-method signature="runScenario(io.cucumber.testng.PickleWrapper,io.cucumber.testng.FeatureWrapper)[pri:0, instance:TestRunner.TestNGRunnerChrome@589da3f3]" started-at="2024-11-03T01:53:27 EST" name="runScenario" description="Runs Cucumber Scenarios" data-provider="scenarios" finished-at="2024-11-03T01:53:30 EST" duration-ms="3043" status="PASS">
          <params>
            <param index="0">
              <value>
                <![CDATA["Validate Stack topics"]]>
              </value>
            </param>
            <param index="1">
              <value>
                <![CDATA["Stack Functionality with login"]]>
              </value>
            </param>
          </params>
          <reporter-output>
          </reporter-output>
        </test-method> <!-- runScenario -->
        <test-method signature="runScenario(io.cucumber.testng.PickleWrapper,io.cucumber.testng.FeatureWrapper)[pri:0, instance:TestRunner.TestNGRunnerChrome@589da3f3]" started-at="2024-11-03T01:53:30 EST" name="runScenario" description="Runs Cucumber Scenarios" data-provider="scenarios" finished-at="2024-11-03T01:53:33 EST" duration-ms="2962" status="PASS">
          <params>
            <param index="0">
              <value>
                <![CDATA["Validate Stack topics"]]>
              </value>
            </param>
            <param index="1">
              <value>
                <![CDATA["Stack Functionality with login"]]>
              </value>
            </param>
          </params>
          <reporter-output>
          </reporter-output>
        </test-method> <!-- runScenario -->
        <test-method signature="runScenario(io.cucumber.testng.PickleWrapper,io.cucumber.testng.FeatureWrapper)[pri:0, instance:TestRunner.TestNGRunnerChrome@589da3f3]" started-at="2024-11-03T01:53:33 EST" name="runScenario" description="Runs Cucumber Scenarios" data-provider="scenarios" finished-at="2024-11-03T01:53:36 EST" duration-ms="2955" status="PASS">
          <params>
            <param index="0">
              <value>
                <![CDATA["Validate Stack topics"]]>
              </value>
            </param>
            <param index="1">
              <value>
                <![CDATA["Stack Functionality with login"]]>
              </value>
            </param>
          </params>
          <reporter-output>
          </reporter-output>
        </test-method> <!-- runScenario -->
        <test-method signature="runScenario(io.cucumber.testng.PickleWrapper,io.cucumber.testng.FeatureWrapper)[pri:0, instance:TestRunner.TestNGRunnerChrome@589da3f3]" started-at="2024-11-03T01:53:36 EST" name="runScenario" description="Runs Cucumber Scenarios" data-provider="scenarios" finished-at="2024-11-03T01:53:43 EST" duration-ms="7221" status="PASS">
          <params>
            <param index="0">
              <value>
                <![CDATA["Scenario Outline: Try Editor validation for "StackTopic" with valid testcodes"]]>
              </value>
            </param>
            <param index="1">
              <value>
                <![CDATA["Stack Functionality with login"]]>
              </value>
            </param>
          </params>
          <reporter-output>
          </reporter-output>
        </test-method> <!-- runScenario -->
        <test-method signature="runScenario(io.cucumber.testng.PickleWrapper,io.cucumber.testng.FeatureWrapper)[pri:0, instance:TestRunner.TestNGRunnerChrome@589da3f3]" started-at="2024-11-03T01:53:43 EST" name="runScenario" description="Runs Cucumber Scenarios" data-provider="scenarios" finished-at="2024-11-03T01:53:51 EST" duration-ms="7474" status="PASS">
          <params>
            <param index="0">
              <value>
                <![CDATA["Scenario Outline: Try Editor validation for "StackTopic" with valid testcodes"]]>
              </value>
            </param>
            <param index="1">
              <value>
                <![CDATA["Stack Functionality with login"]]>
              </value>
            </param>
          </params>
          <reporter-output>
          </reporter-output>
        </test-method> <!-- runScenario -->
        <test-method signature="runScenario(io.cucumber.testng.PickleWrapper,io.cucumber.testng.FeatureWrapper)[pri:0, instance:TestRunner.TestNGRunnerChrome@589da3f3]" started-at="2024-11-03T01:53:51 EST" name="runScenario" description="Runs Cucumber Scenarios" data-provider="scenarios" finished-at="2024-11-03T01:53:58 EST" duration-ms="7147" status="PASS">
          <params>
            <param index="0">
              <value>
                <![CDATA["Scenario Outline: Try Editor validation for "StackTopic" with valid testcodes"]]>
              </value>
            </param>
            <param index="1">
              <value>
                <![CDATA["Stack Functionality with login"]]>
              </value>
            </param>
          </params>
          <reporter-output>
          </reporter-output>
        </test-method> <!-- runScenario -->
        <test-method signature="runScenario(io.cucumber.testng.PickleWrapper,io.cucumber.testng.FeatureWrapper)[pri:0, instance:TestRunner.TestNGRunnerChrome@589da3f3]" started-at="2024-11-03T01:53:58 EST" name="runScenario" description="Runs Cucumber Scenarios" data-provider="scenarios" finished-at="2024-11-03T01:54:05 EST" duration-ms="7243" status="PASS">
          <params>
            <param index="0">
              <value>
                <![CDATA["Try Editor validation for "StackTopic" with invalid testcodes"]]>
              </value>
            </param>
            <param index="1">
              <value>
                <![CDATA["Stack Functionality with login"]]>
              </value>
            </param>
          </params>
          <reporter-output>
          </reporter-output>
        </test-method> <!-- runScenario -->
        <test-method signature="runScenario(io.cucumber.testng.PickleWrapper,io.cucumber.testng.FeatureWrapper)[pri:0, instance:TestRunner.TestNGRunnerChrome@589da3f3]" started-at="2024-11-03T01:54:05 EST" name="runScenario" description="Runs Cucumber Scenarios" data-provider="scenarios" finished-at="2024-11-03T01:54:12 EST" duration-ms="7194" status="PASS">
          <params>
            <param index="0">
              <value>
                <![CDATA["Try Editor validation for "StackTopic" with invalid testcodes"]]>
              </value>
            </param>
            <param index="1">
              <value>
                <![CDATA["Stack Functionality with login"]]>
              </value>
            </param>
          </params>
          <reporter-output>
          </reporter-output>
        </test-method> <!-- runScenario -->
        <test-method signature="runScenario(io.cucumber.testng.PickleWrapper,io.cucumber.testng.FeatureWrapper)[pri:0, instance:TestRunner.TestNGRunnerChrome@589da3f3]" started-at="2024-11-03T01:54:12 EST" name="runScenario" description="Runs Cucumber Scenarios" data-provider="scenarios" finished-at="2024-11-03T01:54:20 EST" duration-ms="7340" status="PASS">
          <params>
            <param index="0">
              <value>
                <![CDATA["Try Editor validation for "StackTopic" with invalid testcodes"]]>
              </value>
            </param>
            <param index="1">
              <value>
                <![CDATA["Stack Functionality with login"]]>
              </value>
            </param>
          </params>
          <reporter-output>
          </reporter-output>
        </test-method> <!-- runScenario -->
        <test-method signature="runScenario(io.cucumber.testng.PickleWrapper,io.cucumber.testng.FeatureWrapper)[pri:0, instance:TestRunner.TestNGRunnerChrome@589da3f3]" started-at="2024-11-03T01:54:20 EST" name="runScenario" description="Runs Cucumber Scenarios" data-provider="scenarios" finished-at="2024-11-03T01:54:23 EST" duration-ms="3072" status="PASS">
          <params>
            <param index="0">
              <value>
                <![CDATA["Try Editor validation for "StackTopic" with no code."]]>
              </value>
            </param>
            <param index="1">
              <value>
                <![CDATA["Stack Functionality with login"]]>
              </value>
            </param>
          </params>
          <reporter-output>
          </reporter-output>
        </test-method> <!-- runScenario -->
        <test-method signature="runScenario(io.cucumber.testng.PickleWrapper,io.cucumber.testng.FeatureWrapper)[pri:0, instance:TestRunner.TestNGRunnerChrome@589da3f3]" started-at="2024-11-03T01:54:23 EST" name="runScenario" description="Runs Cucumber Scenarios" data-provider="scenarios" finished-at="2024-11-03T01:54:26 EST" duration-ms="3057" status="PASS">
          <params>
            <param index="0">
              <value>
                <![CDATA["Try Editor validation for "StackTopic" with no code."]]>
              </value>
            </param>
            <param index="1">
              <value>
                <![CDATA["Stack Functionality with login"]]>
              </value>
            </param>
          </params>
          <reporter-output>
          </reporter-output>
        </test-method> <!-- runScenario -->
        <test-method signature="runScenario(io.cucumber.testng.PickleWrapper,io.cucumber.testng.FeatureWrapper)[pri:0, instance:TestRunner.TestNGRunnerChrome@589da3f3]" started-at="2024-11-03T01:54:26 EST" name="runScenario" description="Runs Cucumber Scenarios" data-provider="scenarios" finished-at="2024-11-03T01:54:29 EST" duration-ms="2990" status="PASS">
          <params>
            <param index="0">
              <value>
                <![CDATA["Try Editor validation for "StackTopic" with no code."]]>
              </value>
            </param>
            <param index="1">
              <value>
                <![CDATA["Stack Functionality with login"]]>
              </value>
            </param>
          </params>
          <reporter-output>
          </reporter-output>
        </test-method> <!-- runScenario -->
        <test-method signature="runScenario(io.cucumber.testng.PickleWrapper,io.cucumber.testng.FeatureWrapper)[pri:0, instance:TestRunner.TestNGRunnerChrome@589da3f3]" started-at="2024-11-03T01:54:29 EST" name="runScenario" description="Runs Cucumber Scenarios" data-provider="scenarios" finished-at="2024-11-03T01:54:32 EST" duration-ms="2550" status="PASS">
          <params>
            <param index="0">
              <value>
                <![CDATA["Check User able to Directed to Graph page from Dropdown in Stack Page"]]>
              </value>
            </param>
            <param index="1">
              <value>
                <![CDATA["Stack Functionality with login"]]>
              </value>
            </param>
          </params>
          <reporter-output>
          </reporter-output>
        </test-method> <!-- runScenario -->
        <test-method signature="runScenario(io.cucumber.testng.PickleWrapper,io.cucumber.testng.FeatureWrapper)[pri:0, instance:TestRunner.TestNGRunnerChrome@589da3f3]" started-at="2024-11-03T01:54:32 EST" name="runScenario" description="Runs Cucumber Scenarios" data-provider="scenarios" finished-at="2024-11-03T01:54:34 EST" duration-ms="2583" status="PASS">
          <params>
            <param index="0">
              <value>
                <![CDATA["Check User able to Directed to Tree page from Dropdown in Stack Page"]]>
              </value>
            </param>
            <param index="1">
              <value>
                <![CDATA["Stack Functionality with login"]]>
              </value>
            </param>
          </params>
          <reporter-output>
          </reporter-output>
        </test-method> <!-- runScenario -->
        <test-method signature="runScenario(io.cucumber.testng.PickleWrapper,io.cucumber.testng.FeatureWrapper)[pri:0, instance:TestRunner.TestNGRunnerChrome@589da3f3]" started-at="2024-11-03T01:54:34 EST" name="runScenario" description="Runs Cucumber Scenarios" data-provider="scenarios" finished-at="2024-11-03T01:54:37 EST" duration-ms="2470" status="PASS">
          <params>
            <param index="0">
              <value>
                <![CDATA["Check User able to Directed to Queue page from Dropdown in Stack Page"]]>
              </value>
            </param>
            <param index="1">
              <value>
                <![CDATA["Stack Functionality with login"]]>
              </value>
            </param>
          </params>
          <reporter-output>
          </reporter-output>
        </test-method> <!-- runScenario -->
        <test-method signature="runScenario(io.cucumber.testng.PickleWrapper,io.cucumber.testng.FeatureWrapper)[pri:0, instance:TestRunner.TestNGRunnerChrome@589da3f3]" started-at="2024-11-03T01:54:37 EST" name="runScenario" description="Runs Cucumber Scenarios" data-provider="scenarios" finished-at="2024-11-03T01:54:39 EST" duration-ms="2417" status="PASS">
          <params>
            <param index="0">
              <value>
                <![CDATA["Check User able to Directed to Array page from Dropdown in Stack Page"]]>
              </value>
            </param>
            <param index="1">
              <value>
                <![CDATA["Stack Functionality with login"]]>
              </value>
            </param>
          </params>
          <reporter-output>
          </reporter-output>
        </test-method> <!-- runScenario -->
        <test-method signature="runScenario(io.cucumber.testng.PickleWrapper,io.cucumber.testng.FeatureWrapper)[pri:0, instance:TestRunner.TestNGRunnerChrome@589da3f3]" started-at="2024-11-03T01:54:39 EST" name="runScenario" description="Runs Cucumber Scenarios" data-provider="scenarios" finished-at="2024-11-03T01:54:41 EST" duration-ms="2476" status="PASS">
          <params>
            <param index="0">
              <value>
                <![CDATA["Check User able to Directed to Satck page from Dropdown in Stack Page"]]>
              </value>
            </param>
            <param index="1">
              <value>
                <![CDATA["Stack Functionality with login"]]>
              </value>
            </param>
          </params>
          <reporter-output>
          </reporter-output>
        </test-method> <!-- runScenario -->
        <test-method signature="runScenario(io.cucumber.testng.PickleWrapper,io.cucumber.testng.FeatureWrapper)[pri:0, instance:TestRunner.TestNGRunnerChrome@589da3f3]" started-at="2024-11-03T01:54:41 EST" name="runScenario" description="Runs Cucumber Scenarios" data-provider="scenarios" finished-at="2024-11-03T01:54:44 EST" duration-ms="2494" status="PASS">
          <params>
            <param index="0">
              <value>
                <![CDATA["Check User is on same Linked List from Dropdown in Stack Page"]]>
              </value>
            </param>
            <param index="1">
              <value>
                <![CDATA["Stack Functionality with login"]]>
              </value>
            </param>
          </params>
          <reporter-output>
          </reporter-output>
        </test-method> <!-- runScenario -->
        <test-method signature="runScenario(io.cucumber.testng.PickleWrapper,io.cucumber.testng.FeatureWrapper)[pri:0, instance:TestRunner.TestNGRunnerChrome@589da3f3]" started-at="2024-11-03T01:54:44 EST" name="runScenario" description="Runs Cucumber Scenarios" data-provider="scenarios" finished-at="2024-11-03T01:54:46 EST" duration-ms="2490" status="PASS">
          <params>
            <param index="0">
              <value>
                <![CDATA["Check User is on same Stack page clicked on Scrutinizers(UserName) Link"]]>
              </value>
            </param>
            <param index="1">
              <value>
                <![CDATA["Stack Functionality with login"]]>
              </value>
            </param>
          </params>
          <reporter-output>
          </reporter-output>
        </test-method> <!-- runScenario -->
        <test-method signature="runScenario(io.cucumber.testng.PickleWrapper,io.cucumber.testng.FeatureWrapper)[pri:0, instance:TestRunner.TestNGRunnerChrome@589da3f3]" started-at="2024-11-03T01:54:46 EST" name="runScenario" description="Runs Cucumber Scenarios" data-provider="scenarios" finished-at="2024-11-03T01:54:48 EST" duration-ms="2012" status="PASS">
          <params>
            <param index="0">
              <value>
                <![CDATA["Check User able to Directed to Queue page from Dropdown"]]>
              </value>
            </param>
            <param index="1">
              <value>
                <![CDATA["Queue Functionality with login"]]>
              </value>
            </param>
          </params>
          <reporter-output>
          </reporter-output>
        </test-method> <!-- runScenario -->
[...]
            </param>
            <param index="1">
              <value>
                <![CDATA["Graph Functionality with login"]]>
              </value>
            </param>
          </params>
          <reporter-output>
          </reporter-output>
        </test-method> <!-- runScenario -->
        <test-method signature="runScenario(io.cucumber.testng.PickleWrapper,io.cucumber.testng.FeatureWrapper)[pri:0, instance:TestRunner.TestNGRunnerChrome@589da3f3]" started-at="2024-11-03T02:02:19 EST" name="runScenario" description="Runs Cucumber Scenarios" data-provider="scenarios" finished-at="2024-11-03T02:02:22 EST" duration-ms="2672" status="PASS">
          <params>
            <param index="0">
              <value>
                <![CDATA["Check User able to directed to Graph Topic page"]]>
              </value>
            </param>
            <param index="1">
              <value>
                <![CDATA["Graph Functionality with login"]]>
              </value>
            </param>
          </params>
          <reporter-output>
          </reporter-output>
        </test-method> <!-- runScenario -->
        <test-method signature="runScenario(io.cucumber.testng.PickleWrapper,io.cucumber.testng.FeatureWrapper)[pri:0, instance:TestRunner.TestNGRunnerChrome@589da3f3]" started-at="2024-11-03T02:02:22 EST" name="runScenario" description="Runs Cucumber Scenarios" data-provider="scenarios" finished-at="2024-11-03T02:02:25 EST" duration-ms="2905" status="PASS">
          <params>
            <param index="0">
              <value>
                <![CDATA["Validate "Try Here" button"]]>
              </value>
            </param>
            <param index="1">
              <value>
                <![CDATA["Graph Functionality with login"]]>
              </value>
            </param>
          </params>
          <reporter-output>
          </reporter-output>
        </test-method> <!-- runScenario -->
        <test-method signature="runScenario(io.cucumber.testng.PickleWrapper,io.cucumber.testng.FeatureWrapper)[pri:0, instance:TestRunner.TestNGRunnerChrome@589da3f3]" started-at="2024-11-03T02:02:25 EST" name="runScenario" description="Runs Cucumber Scenarios" data-provider="scenarios" finished-at="2024-11-03T02:02:32 EST" duration-ms="7278" status="PASS">
          <params>
            <param index="0">
              <value>
                <![CDATA["Try Editor validation for Graph Topic with  valid testcodes"]]>
              </value>
            </param>
            <param index="1">
              <value>
                <![CDATA["Graph Functionality with login"]]>
              </value>
            </param>
          </params>
          <reporter-output>
          </reporter-output>
        </test-method> <!-- runScenario -->
        <test-method signature="runScenario(io.cucumber.testng.PickleWrapper,io.cucumber.testng.FeatureWrapper)[pri:0, instance:TestRunner.TestNGRunnerChrome@589da3f3]" started-at="2024-11-03T02:02:32 EST" name="runScenario" description="Runs Cucumber Scenarios" data-provider="scenarios" finished-at="2024-11-03T02:02:39 EST" duration-ms="7211" status="PASS">
          <params>
            <param index="0">
              <value>
                <![CDATA["Validate "Text Editor" with invalid code"]]>
              </value>
            </param>
            <param index="1">
              <value>
                <![CDATA["Graph Functionality with login"]]>
              </value>
            </param>
          </params>
          <reporter-output>
          </reporter-output>
        </test-method> <!-- runScenario -->
        <test-method signature="runScenario(io.cucumber.testng.PickleWrapper,io.cucumber.testng.FeatureWrapper)[pri:0, instance:TestRunner.TestNGRunnerChrome@589da3f3]" started-at="2024-11-03T02:02:39 EST" name="runScenario" description="Runs Cucumber Scenarios" data-provider="scenarios" finished-at="2024-11-03T02:02:42 EST" duration-ms="2653" status="PASS">
          <params>
            <param index="0">
              <value>
                <![CDATA["Check User able to directed to Graph Representations Topic page"]]>
              </value>
            </param>
            <param index="1">
              <value>
                <![CDATA["Graph Functionality with login"]]>
              </value>
            </param>
          </params>
          <reporter-output>
          </reporter-output>
        </test-method> <!-- runScenario -->
        <test-method signature="runScenario(io.cucumber.testng.PickleWrapper,io.cucumber.testng.FeatureWrapper)[pri:0, instance:TestRunner.TestNGRunnerChrome@589da3f3]" started-at="2024-11-03T02:02:42 EST" name="runScenario" description="Runs Cucumber Scenarios" data-provider="scenarios" finished-at="2024-11-03T02:02:45 EST" duration-ms="2935" status="PASS">
          <params>
            <param index="0">
              <value>
                <![CDATA["Validate "Try Here" button Graph Representations Topic"]]>
              </value>
            </param>
            <param index="1">
              <value>
                <![CDATA["Graph Functionality with login"]]>
              </value>
            </param>
          </params>
          <reporter-output>
          </reporter-output>
        </test-method> <!-- runScenario -->
        <test-method signature="runScenario(io.cucumber.testng.PickleWrapper,io.cucumber.testng.FeatureWrapper)[pri:0, instance:TestRunner.TestNGRunnerChrome@589da3f3]" started-at="2024-11-03T02:02:45 EST" name="runScenario" description="Runs Cucumber Scenarios" data-provider="scenarios" finished-at="2024-11-03T02:02:52 EST" duration-ms="7297" status="PASS">
          <params>
            <param index="0">
              <value>
                <![CDATA["Try Editor validation for Graph Representation Topic with testcodes"]]>
              </value>
            </param>
            <param index="1">
              <value>
                <![CDATA["Graph Functionality with login"]]>
              </value>
            </param>
          </params>
          <reporter-output>
          </reporter-output>
        </test-method> <!-- runScenario -->
        <test-method signature="runScenario(io.cucumber.testng.PickleWrapper,io.cucumber.testng.FeatureWrapper)[pri:0, instance:TestRunner.TestNGRunnerChrome@589da3f3]" started-at="2024-11-03T02:02:52 EST" name="runScenario" description="Runs Cucumber Scenarios" data-provider="scenarios" finished-at="2024-11-03T02:03:00 EST" duration-ms="7278" status="PASS">
          <params>
            <param index="0">
              <value>
                <![CDATA["Validate "Text Editor" with invalid code"]]>
              </value>
            </param>
            <param index="1">
              <value>
                <![CDATA["Graph Functionality with login"]]>
              </value>
            </param>
          </params>
          <reporter-output>
          </reporter-output>
        </test-method> <!-- runScenario -->
        <test-method signature="runScenario(io.cucumber.testng.PickleWrapper,io.cucumber.testng.FeatureWrapper)[pri:0, instance:TestRunner.TestNGRunnerChrome@589da3f3]" started-at="2024-11-03T02:03:00 EST" name="runScenario" description="Runs Cucumber Scenarios" data-provider="scenarios" finished-at="2024-11-03T02:03:02 EST" duration-ms="2500" status="PASS">
          <params>
            <param index="0">
              <value>
                <![CDATA["Check User able to Directed to Graph page from Dropdown in Graph page"]]>
              </value>
            </param>
            <param index="1">
              <value>
                <![CDATA["Graph Functionality with login"]]>
              </value>
            </param>
          </params>
          <reporter-output>
          </reporter-output>
        </test-method> <!-- runScenario -->
        <test-method signature="runScenario(io.cucumber.testng.PickleWrapper,io.cucumber.testng.FeatureWrapper)[pri:0, instance:TestRunner.TestNGRunnerChrome@589da3f3]" started-at="2024-11-03T02:03:02 EST" name="runScenario" description="Runs Cucumber Scenarios" data-provider="scenarios" finished-at="2024-11-03T02:03:05 EST" duration-ms="2473" status="PASS">
          <params>
            <param index="0">
              <value>
                <![CDATA["Check User able to Directed to Satck page from Dropdown in Graph page"]]>
              </value>
            </param>
            <param index="1">
              <value>
                <![CDATA["Graph Functionality with login"]]>
              </value>
            </param>
          </params>
          <reporter-output>
          </reporter-output>
        </test-method> <!-- runScenario -->
        <test-method signature="runScenario(io.cucumber.testng.PickleWrapper,io.cucumber.testng.FeatureWrapper)[pri:0, instance:TestRunner.TestNGRunnerChrome@589da3f3]" started-at="2024-11-03T02:03:05 EST" name="runScenario" description="Runs Cucumber Scenarios" data-provider="scenarios" finished-at="2024-11-03T02:03:07 EST" duration-ms="2567" status="PASS">
          <params>
            <param index="0">
              <value>
                <![CDATA["Check User able to Directed to Queue page from Dropdown in Graph page"]]>
              </value>
            </param>
            <param index="1">
              <value>
                <![CDATA["Graph Functionality with login"]]>
              </value>
            </param>
          </params>
          <reporter-output>
          </reporter-output>
        </test-method> <!-- runScenario -->
        <test-method signature="runScenario(io.cucumber.testng.PickleWrapper,io.cucumber.testng.FeatureWrapper)[pri:0, instance:TestRunner.TestNGRunnerChrome@589da3f3]" started-at="2024-11-03T02:03:07 EST" name="runScenario" description="Runs Cucumber Scenarios" data-provider="scenarios" finished-at="2024-11-03T02:03:10 EST" duration-ms="2702" status="PASS">
          <params>
            <param index="0">
              <value>
                <![CDATA["Check User able to Directed to Tree page from Dropdown in Graph page"]]>
              </value>
            </param>
            <param index="1">
              <value>
                <![CDATA["Graph Functionality with login"]]>
              </value>
            </param>
          </params>
          <reporter-output>
          </reporter-output>
        </test-method> <!-- runScenario -->
        <test-method signature="runScenario(io.cucumber.testng.PickleWrapper,io.cucumber.testng.FeatureWrapper)[pri:0, instance:TestRunner.TestNGRunnerChrome@589da3f3]" started-at="2024-11-03T02:03:10 EST" name="runScenario" description="Runs Cucumber Scenarios" data-provider="scenarios" finished-at="2024-11-03T02:03:12 EST" duration-ms="2510" status="PASS">
          <params>
            <param index="0">
              <value>
                <![CDATA["Check User able to Directed to Array page from Dropdown in Graph page"]]>
              </value>
            </param>
            <param index="1">
              <value>
                <![CDATA["Graph Functionality with login"]]>
              </value>
            </param>
          </params>
          <reporter-output>
          </reporter-output>
        </test-method> <!-- runScenario -->
        <test-method signature="runScenario(io.cucumber.testng.PickleWrapper,io.cucumber.testng.FeatureWrapper)[pri:0, instance:TestRunner.TestNGRunnerChrome@589da3f3]" started-at="2024-11-03T02:03:12 EST" name="runScenario" description="Runs Cucumber Scenarios" data-provider="scenarios" finished-at="2024-11-03T02:03:15 EST" duration-ms="2450" status="PASS">
          <params>
            <param index="0">
              <value>
                <![CDATA["Check User is on same Linked List from Dropdown in Graph page"]]>
              </value>
            </param>
            <param index="1">
              <value>
                <![CDATA["Graph Functionality with login"]]>
              </value>
            </param>
          </params>
          <reporter-output>
          </reporter-output>
        </test-method> <!-- runScenario -->
        <test-method signature="runScenario(io.cucumber.testng.PickleWrapper,io.cucumber.testng.FeatureWrapper)[pri:0, instance:TestRunner.TestNGRunnerChrome@589da3f3]" started-at="2024-11-03T02:03:15 EST" name="runScenario" description="Runs Cucumber Scenarios" data-provider="scenarios" finished-at="2024-11-03T02:03:18 EST" duration-ms="3058" status="PASS">
          <params>
            <param index="0">
              <value>
                <![CDATA["Try Editor validation for Graph Topic with no testcode"]]>
              </value>
            </param>
            <param index="1">
              <value>
                <![CDATA["Graph Functionality with login"]]>
              </value>
            </param>
          </params>
          <reporter-output>
          </reporter-output>
        </test-method> <!-- runScenario -->
        <test-method signature="runScenario(io.cucumber.testng.PickleWrapper,io.cucumber.testng.FeatureWrapper)[pri:0, instance:TestRunner.TestNGRunnerChrome@589da3f3]" started-at="2024-11-03T02:03:18 EST" name="runScenario" description="Runs Cucumber Scenarios" data-provider="scenarios" finished-at="2024-11-03T02:03:21 EST" duration-ms="2884" status="PASS">
          <params>
            <param index="0">
              <value>
                <![CDATA["Try Editor validation for Graph Representation Topic with no testcode"]]>
              </value>
            </param>
            <param index="1">
              <value>
                <![CDATA["Graph Functionality with login"]]>
              </value>
            </param>
          </params>
          <reporter-output>
          </reporter-output>
        </test-method> <!-- runScenario -->
        <test-method signature="runScenario(io.cucumber.testng.PickleWrapper,io.cucumber.testng.FeatureWrapper)[pri:0, instance:TestRunner.TestNGRunnerChrome@589da3f3]" started-at="2024-11-03T02:03:21 EST" name="runScenario" description="Runs Cucumber Scenarios" data-provider="scenarios" finished-at="2024-11-03T02:03:23 EST" duration-ms="2060" status="PASS">
          <params>
            <param index="0">
              <value>
                <![CDATA["Validate Sign Out functionality"]]>
              </value>
            </param>
            <param index="1">
              <value>
                <![CDATA["Checking Sign Out"]]>
              </value>
            </param>
          </params>
          <reporter-output>
          </reporter-output>
        </test-method> <!-- runScenario -->
        <test-method signature="runScenario(io.cucumber.testng.PickleWrapper,io.cucumber.testng.FeatureWrapper)[pri:0, instance:TestRunner.TestNGRunnerChrome@589da3f3]" started-at="2024-11-03T02:03:23 EST" name="runScenario" description="Runs Cucumber Scenarios" data-provider="scenarios" finished-at="2024-11-03T02:03:25 EST" duration-ms="2277" status="PASS">
          <params>
            <param index="0">
              <value>
                <![CDATA["Validate Sign Out functionality in Array Page"]]>
              </value>
            </param>
            <param index="1">
              <value>
                <![CDATA["Checking Sign Out"]]>
              </value>
            </param>
          </params>
          <reporter-output>
          </reporter-output>
        </test-method> <!-- runScenario -->
        <test-method signature="runScenario(io.cucumber.testng.PickleWrapper,io.cucumber.testng.FeatureWrapper)[pri:0, instance:TestRunner.TestNGRunnerChrome@589da3f3]" started-at="2024-11-03T02:03:25 EST" name="runScenario" description="Runs Cucumber Scenarios" data-provider="scenarios" finished-at="2024-11-03T02:03:28 EST" duration-ms="2721" status="PASS">
          <params>
            <param index="0">
              <value>
                <![CDATA["Validate Sign Out functionality in Linked List Page"]]>
              </value>
            </param>
            <param index="1">
              <value>
                <![CDATA["Checking Sign Out"]]>
              </value>
            </param>
          </params>
          <reporter-output>
          </reporter-output>
        </test-method> <!-- runScenario -->
        <test-method signature="runScenario(io.cucumber.testng.PickleWrapper,io.cucumber.testng.FeatureWrapper)[pri:0, instance:TestRunner.TestNGRunnerChrome@589da3f3]" started-at="2024-11-03T02:03:28 EST" name="runScenario" description="Runs Cucumber Scenarios" data-provider="scenarios" finished-at="2024-11-03T02:03:30 EST" duration-ms="2573" status="PASS">
          <params>
            <param index="0">
              <value>
                <![CDATA["Validate Sign Out functionality in Stack Page"]]>
              </value>
            </param>
            <param index="1">
              <value>
                <![CDATA["Checking Sign Out"]]>
              </value>
            </param>
          </params>
          <reporter-output>
          </reporter-output>
        </test-method> <!-- runScenario -->
        <test-method signature="runScenario(io.cucumber.testng.PickleWrapper,io.cucumber.testng.FeatureWrapper)[pri:0, instance:TestRunner.TestNGRunnerChrome@589da3f3]" started-at="2024-11-03T02:03:30 EST" name="runScenario" description="Runs Cucumber Scenarios" data-provider="scenarios" finished-at="2024-11-03T02:03:33 EST" duration-ms="2744" status="PASS">
          <params>
            <param index="0">
              <value>
                <![CDATA["Validate Sign Out functionality in Queue Page"]]>
              </value>
            </param>
            <param index="1">
              <value>
                <![CDATA["Checking Sign Out"]]>
              </value>
            </param>
          </params>
          <reporter-output>
          </reporter-output>
        </test-method> <!-- runScenario -->
        <test-method signature="runScenario(io.cucumber.testng.PickleWrapper,io.cucumber.testng.FeatureWrapper)[pri:0, instance:TestRunner.TestNGRunnerChrome@589da3f3]" started-at="2024-11-03T02:03:33 EST" name="runScenario" description="Runs Cucumber Scenarios" data-provider="scenarios" finished-at="2024-11-03T02:03:37 EST" duration-ms="3987" status="PASS">
          <params>
            <param index="0">
              <value>
                <![CDATA["Validate Sign Out functionality in Tree Page"]]>
              </value>
            </param>
            <param index="1">
              <value>
                <![CDATA["Checking Sign Out"]]>
              </value>
            </param>
          </params>
          <reporter-output>
          </reporter-output>
        </test-method> <!-- runScenario -->
        <test-method signature="runScenario(io.cucumber.testng.PickleWrapper,io.cucumber.testng.FeatureWrapper)[pri:0, instance:TestRunner.TestNGRunnerChrome@589da3f3]" started-at="2024-11-03T02:03:37 EST" name="runScenario" description="Runs Cucumber Scenarios" data-provider="scenarios" finished-at="2024-11-03T02:03:40 EST" duration-ms="2776" status="PASS">
          <params>
            <param index="0">
              <value>
                <![CDATA["Validate Sign Out functionality in Graph Page"]]>
              </value>
            </param>
            <param index="1">
              <value>
                <![CDATA["Checking Sign Out"]]>
              </value>
            </param>
          </params>
          <reporter-output>
          </reporter-output>
        </test-method> <!-- runScenario -->
        <test-method is-config="true" signature="tearDownClass()[pri:0, instance:TestRunner.TestNGRunnerChrome@589da3f3]" started-at="2024-11-03T02:03:40 EST" name="tearDownClass" finished-at="2024-11-03T02:03:52 EST" duration-ms="11974" status="PASS">
          <reporter-output>
          </reporter-output>
        </test-method> <!-- tearDownClass -->
      </class> <!-- TestRunner.TestNGRunnerChrome -->
    </test> <!-- Default test -->
  </suite> <!-- Default suite -->
</testng-results>
