<?xml version="1.0" encoding="UTF-8"?>
<!-- Generated by org.testng.reporters.JUnitReportReporter -->
<testsuite hostname="DESKTOP-CN29LMF" failures="0" tests="153" name="TestRunner.TestNGRunnerChrome" time="895.092" errors="0" timestamp="2024-11-01T14:19:15 EDT" skipped="0">
  <testcase classname="TestRunner.TestNGRunnerChrome" name="runScenario" time="3.747"/>
  <testcase classname="TestRunner.TestNGRunnerChrome" name="runScenario" time="3.805"/>
  <testcase classname="TestRunner.TestNGRunnerChrome" name="runScenario" time="9.149"/>
  <testcase classname="TestRunner.TestNGRunnerChrome" name="runScenario" time="3.912"/>
  <testcase classname="TestRunner.TestNGRunnerChrome" name="runScenario" time="1.921"/>
  <testcase classname="TestRunner.TestNGRunnerChrome" name="runScenario" time="4.668"/>
  <testcase classname="TestRunner.TestNGRunnerChrome" name="runScenario" time="8.485"/>
  <testcase classname="TestRunner.TestNGRunnerChrome" name="runScenario" time="3.309"/>
  <testcase classname="TestRunner.TestNGRunnerChrome" name="runScenario" time="1.594"/>
  <testcase classname="TestRunner.TestNGRunnerChrome" name="runScenario" time="3.354"/>
  <testcase classname="TestRunner.TestNGRunnerChrome" name="runScenario" time="3.714"/>
  <testcase classname="TestRunner.TestNGRunnerChrome" name="runScenario" time="8.142"/>
  <testcase classname="TestRunner.TestNGRunnerChrome" name="runScenario" time="8.174"/>
  <testcase classname="TestRunner.TestNGRunnerChrome" name="runScenario" time="9.093"/>
  <testcase classname="TestRunner.TestNGRunnerChrome" name="runScenario" time="3.310"/>
  <testcase classname="TestRunner.TestNGRunnerChrome" name="runScenario" time="4.987"/>
  <testcase classname="TestRunner.TestNGRunnerChrome" name="runScenario" time="4.891"/>
  <testcase classname="TestRunner.TestNGRunnerChrome" name="runScenario" time="9.430"/>
  <testcase classname="TestRunner.TestNGRunnerChrome" name="runScenario" time="4.677"/>
  <testcase classname="TestRunner.TestNGRunnerChrome" name="runScenario" time="8.135"/>
  <testcase classname="TestRunner.TestNGRunnerChrome" name="runScenario" time="4.873"/>
  <testcase classname="TestRunner.TestNGRunnerChrome" name="runScenario" time="9.348"/>
  <testcase classname="TestRunner.TestNGRunnerChrome" name="runScenario" time="8.155"/>
  <testcase classname="TestRunner.TestNGRunnerChrome" name="runScenario" time="9.095"/>
  <testcase classname="TestRunner.TestNGRunnerChrome" name="runScenario" time="5.237"/>
  <testcase classname="TestRunner.TestNGRunnerChrome" name="runScenario" time="9.442"/>
  <testcase classname="TestRunner.TestNGRunnerChrome" name="runScenario" time="9.000"/>
  <testcase classname="TestRunner.TestNGRunnerChrome" name="runScenario" time="8.205"/>
  <testcase classname="TestRunner.TestNGRunnerChrome" name="runScenario" time="3.830"/>
  <testcase classname="TestRunner.TestNGRunnerChrome" name="runScenario" time="9.216"/>
  <testcase classname="TestRunner.TestNGRunnerChrome" name="runScenario" time="8.204"/>
  <testcase classname="TestRunner.TestNGRunnerChrome" name="runScenario" time="4.785"/>
  <testcase classname="TestRunner.TestNGRunnerChrome" name="runScenario" time="5.145"/>
  <testcase classname="TestRunner.TestNGRunnerChrome" name="runScenario" time="9.211"/>
  <testcase classname="TestRunner.TestNGRunnerChrome" name="runScenario" time="3.401"/>
  <testcase classname="TestRunner.TestNGRunnerChrome" name="runScenario" time="4.897"/>
  <testcase classname="TestRunner.TestNGRunnerChrome" name="runScenario" time="4.892"/>
  <testcase classname="TestRunner.TestNGRunnerChrome" name="runScenario" time="9.192"/>
  <testcase classname="TestRunner.TestNGRunnerChrome" name="runScenario" time="1.391"/>
  <testcase classname="TestRunner.TestNGRunnerChrome" name="runScenario" time="3.974"/>
  <testcase classname="TestRunner.TestNGRunnerChrome" name="runScenario" time="3.907"/>
  <testcase classname="TestRunner.TestNGRunnerChrome" name="runScenario" time="4.101"/>
  <testcase classname="TestRunner.TestNGRunnerChrome" name="runScenario" time="8.227"/>
  <testcase classname="TestRunner.TestNGRunnerChrome" name="runScenario" time="3.810"/>
  <testcase classname="TestRunner.TestNGRunnerChrome" name="runScenario" time="4.925"/>
  <testcase classname="TestRunner.TestNGRunnerChrome" name="runScenario" time="8.312"/>
  <testcase classname="TestRunner.TestNGRunnerChrome" name="runScenario" time="8.312"/>
  <testcase classname="TestRunner.TestNGRunnerChrome" name="runScenario" time="8.196"/>
  <testcase classname="TestRunner.TestNGRunnerChrome" name="runScenario" time="8.133"/>
  <testcase classname="TestRunner.TestNGRunnerChrome" name="runScenario" time="9.138"/>
  <testcase classname="TestRunner.TestNGRunnerChrome" name="runScenario" time="3.532"/>
  <testcase classname="TestRunner.TestNGRunnerChrome" name="runScenario" time="4.784"/>
  <testcase classname="TestRunner.TestNGRunnerChrome" name="runScenario" time="9.059"/>
  <testcase classname="TestRunner.TestNGRunnerChrome" name="runScenario" time="4.852"/>
  <testcase classname="TestRunner.TestNGRunnerChrome" name="runScenario" time="2.509"/>
  <testcase classname="TestRunner.TestNGRunnerChrome" name="runScenario" time="5.031"/>
  <testcase classname="TestRunner.TestNGRunnerChrome" name="runScenario" time="8.223"/>
  <testcase classname="TestRunner.TestNGRunnerChrome" name="runScenario" time="4.974"/>
  <testcase classname="TestRunner.TestNGRunnerChrome" name="runScenario" time="9.235"/>
  <testcase classname="TestRunner.TestNGRunnerChrome" name="runScenario" time="3.768"/>
  <testcase classname="TestRunner.TestNGRunnerChrome" name="runScenario" time="8.212"/>
  <testcase classname="TestRunner.TestNGRunnerChrome" name="runScenario" time="9.331"/>
  <testcase classname="TestRunner.TestNGRunnerChrome" name="runScenario" time="1.748"/>
  <testcase classname="TestRunner.TestNGRunnerChrome" name="runScenario" time="3.764"/>
  <testcase classname="TestRunner.TestNGRunnerChrome" name="runScenario" time="8.457"/>
  <testcase classname="TestRunner.TestNGRunnerChrome" name="runScenario" time="1.713"/>
  <testcase classname="TestRunner.TestNGRunnerChrome" name="runScenario" time="9.274"/>
  <testcase classname="TestRunner.TestNGRunnerChrome" name="runScenario" time="9.190"/>
  <testcase classname="TestRunner.TestNGRunnerChrome" name="runScenario" time="5.111"/>
  <testcase classname="TestRunner.TestNGRunnerChrome" name="runScenario" time="8.240"/>
  <testcase classname="TestRunner.TestNGRunnerChrome" name="runScenario" time="8.727"/>
  <testcase classname="TestRunner.TestNGRunnerChrome" name="runScenario" time="4.766"/>
  <testcase classname="TestRunner.TestNGRunnerChrome" name="runScenario" time="4.683"/>
  <testcase classname="TestRunner.TestNGRunnerChrome" name="runScenario" time="2.571"/>
  <testcase classname="TestRunner.TestNGRunnerChrome" name="runScenario" time="4.884"/>
  <testcase classname="TestRunner.TestNGRunnerChrome" name="runScenario" time="8.275"/>
  <testcase classname="TestRunner.TestNGRunnerChrome" name="runScenario" time="8.250"/>
  <testcase classname="TestRunner.TestNGRunnerChrome" name="runScenario" time="3.914"/>
  <testcase classname="TestRunner.TestNGRunnerChrome" name="runScenario" time="3.337"/>
  <testcase classname="TestRunner.TestNGRunnerChrome" name="runScenario" time="4.938"/>
  <testcase classname="TestRunner.TestNGRunnerChrome" name="runScenario" time="9.364"/>
  <testcase classname="TestRunner.TestNGRunnerChrome" name="runScenario" time="4.035"/>
  <testcase classname="TestRunner.TestNGRunnerChrome" name="runScenario" time="8.026"/>
  <testcase classname="TestRunner.TestNGRunnerChrome" name="runScenario" time="9.199"/>
  <testcase classname="TestRunner.TestNGRunnerChrome" name="runScenario" time="2.370"/>
  <testcase classname="TestRunner.TestNGRunnerChrome" name="runScenario" time="3.339"/>
  <testcase classname="TestRunner.TestNGRunnerChrome" name="runScenario" time="2.470"/>
  <testcase classname="TestRunner.TestNGRunnerChrome" name="runScenario" time="7.900"/>
  <testcase classname="TestRunner.TestNGRunnerChrome" name="runScenario" time="3.817"/>
  <testcase classname="TestRunner.TestNGRunnerChrome" name="runScenario" time="8.260"/>
  <testcase classname="TestRunner.TestNGRunnerChrome" name="runScenario" time="4.011"/>
  <testcase classname="TestRunner.TestNGRunnerChrome" name="runScenario" time="7.966"/>
  <testcase classname="TestRunner.TestNGRunnerChrome" name="runScenario" time="8.200"/>
  <testcase classname="TestRunner.TestNGRunnerChrome" name="runScenario" time="3.860"/>
  <testcase classname="TestRunner.TestNGRunnerChrome" name="runScenario" time="8.236"/>
  <testcase classname="TestRunner.TestNGRunnerChrome" name="runScenario" time="9.188"/>
  <testcase classname="TestRunner.TestNGRunnerChrome" name="runScenario" time="4.919"/>
  <testcase classname="TestRunner.TestNGRunnerChrome" name="runScenario" time="2.315"/>
  <testcase classname="TestRunner.TestNGRunnerChrome" name="runScenario" time="8.374"/>
  <testcase classname="TestRunner.TestNGRunnerChrome" name="runScenario" time="3.819"/>
  <testcase classname="TestRunner.TestNGRunnerChrome" name="runScenario" time="8.322"/>
  <testcase classname="TestRunner.TestNGRunnerChrome" name="runScenario" time="9.233"/>
  <testcase classname="TestRunner.TestNGRunnerChrome" name="runScenario" time="2.424"/>
  <testcase classname="TestRunner.TestNGRunnerChrome" name="runScenario" time="10.947"/>
  <testcase classname="TestRunner.TestNGRunnerChrome" name="runScenario" time="8.476"/>
  <testcase classname="TestRunner.TestNGRunnerChrome" name="runScenario" time="4.663"/>
  <testcase classname="TestRunner.TestNGRunnerChrome" name="runScenario" time="2.575"/>
  <testcase classname="TestRunner.TestNGRunnerChrome" name="runScenario" time="3.240"/>
  <testcase classname="TestRunner.TestNGRunnerChrome" name="runScenario" time="5.081"/>
  <testcase classname="TestRunner.TestNGRunnerChrome" name="runScenario" time="4.092"/>
  <testcase classname="TestRunner.TestNGRunnerChrome" name="runScenario" time="8.350"/>
  <testcase classname="TestRunner.TestNGRunnerChrome" name="runScenario" time="4.853"/>
  <testcase classname="TestRunner.TestNGRunnerChrome" name="runScenario" time="10.447"/>
  <testcase classname="TestRunner.TestNGRunnerChrome" name="runScenario" time="2.029"/>
  <testcase classname="TestRunner.TestNGRunnerChrome" name="runScenario" time="3.176"/>
  <testcase classname="TestRunner.TestNGRunnerChrome" name="runScenario" time="8.307"/>
  <testcase classname="TestRunner.TestNGRunnerChrome" name="runScenario" time="8.097"/>
  <testcase classname="TestRunner.TestNGRunnerChrome" name="runScenario" time="9.217"/>
  <testcase classname="TestRunner.TestNGRunnerChrome" name="runScenario" time="4.375"/>
  <testcase classname="TestRunner.TestNGRunnerChrome" name="runScenario" time="1.840"/>
  <testcase classname="TestRunner.TestNGRunnerChrome" name="runScenario" time="3.966"/>
  <testcase classname="TestRunner.TestNGRunnerChrome" name="runScenario" time="2.314"/>
  <testcase classname="TestRunner.TestNGRunnerChrome" name="runScenario" time="8.009"/>
  <testcase classname="TestRunner.TestNGRunnerChrome" name="runScenario" time="3.654"/>
  <testcase classname="TestRunner.TestNGRunnerChrome" name="runScenario" time="9.389"/>
  <testcase classname="TestRunner.TestNGRunnerChrome" name="runScenario" time="8.260"/>
  <testcase classname="TestRunner.TestNGRunnerChrome" name="runScenario" time="5.020"/>
  <testcase classname="TestRunner.TestNGRunnerChrome" name="runScenario" time="4.679"/>
  <testcase classname="TestRunner.TestNGRunnerChrome" name="runScenario" time="8.202"/>
  <testcase classname="TestRunner.TestNGRunnerChrome" name="runScenario" time="4.716"/>
  <testcase classname="TestRunner.TestNGRunnerChrome" name="runScenario" time="4.980"/>
  <testcase classname="TestRunner.TestNGRunnerChrome" name="runScenario" time="7.843"/>
  <testcase classname="TestRunner.TestNGRunnerChrome" name="runScenario" time="9.298"/>
  <testcase classname="TestRunner.TestNGRunnerChrome" name="runScenario" time="3.807"/>
  <testcase classname="TestRunner.TestNGRunnerChrome" name="runScenario" time="2.186"/>
  <testcase classname="TestRunner.TestNGRunnerChrome" name="runScenario" time="1.814"/>
  <testcase classname="TestRunner.TestNGRunnerChrome" name="runScenario" time="2.345"/>
  <testcase classname="TestRunner.TestNGRunnerChrome" name="runScenario" time="3.491"/>
  <testcase classname="TestRunner.TestNGRunnerChrome" name="runScenario" time="3.785"/>
  <testcase classname="TestRunner.TestNGRunnerChrome" name="runScenario" time="3.858"/>
  <testcase classname="TestRunner.TestNGRunnerChrome" name="runScenario" time="9.179"/>
  <testcase classname="TestRunner.TestNGRunnerChrome" name="runScenario" time="8.209"/>
  <testcase classname="TestRunner.TestNGRunnerChrome" name="runScenario" time="9.174"/>
  <testcase classname="TestRunner.TestNGRunnerChrome" name="runScenario" time="3.927"/>
  <testcase classname="TestRunner.TestNGRunnerChrome" name="runScenario" time="4.834"/>
  <testcase classname="TestRunner.TestNGRunnerChrome" name="runScenario" time="8.108"/>
  <testcase classname="TestRunner.TestNGRunnerChrome" name="runScenario" time="1.316"/>
  <testcase classname="TestRunner.TestNGRunnerChrome" name="runScenario" time="8.186"/>
  <testcase classname="TestRunner.TestNGRunnerChrome" name="runScenario" time="3.907"/>
  <testcase classname="TestRunner.TestNGRunnerChrome" name="runScenario" time="2.373"/>
  <testcase classname="TestRunner.TestNGRunnerChrome" name="runScenario" time="3.987"/>
  <testcase classname="TestRunner.TestNGRunnerChrome" name="runScenario" time="4.743"/>
  <testcase classname="TestRunner.TestNGRunnerChrome" name="runScenario" time="3.718"/>
</testsuite> <!-- TestRunner.TestNGRunnerChrome -->
