<?xml version="1.0" encoding="UTF-8"?>
<!-- Generated by org.testng.reporters.JUnitReportReporter -->
<testsuite hostname="DESKTOP-CN29LMF" failures="0" tests="9" name="TestRunner.TestNGRunnerEdge" time="218.582" errors="0" timestamp="2024-11-03T22:17:30 EST" skipped="0">
  <testcase classname="TestRunner.TestNGRunnerEdge" name="runScenario" time="20.008"/>
  <testcase classname="TestRunner.TestNGRunnerEdge" name="runScenario" time="23.609"/>
  <testcase classname="TestRunner.TestNGRunnerEdge" name="runScenario" time="26.263"/>
  <testcase classname="TestRunner.TestNGRunnerEdge" name="runScenario" time="24.501"/>
  <testcase classname="TestRunner.TestNGRunnerEdge" name="runScenario" time="23.561"/>
  <testcase classname="TestRunner.TestNGRunnerEdge" name="runScenario" time="23.494"/>
  <testcase classname="TestRunner.TestNGRunnerEdge" name="runScenario" time="26.108"/>
  <testcase classname="TestRunner.TestNGRunnerEdge" name="runScenario" time="24.951"/>
  <testcase classname="TestRunner.TestNGRunnerEdge" name="runScenario" time="26.087"/>
</testsuite> <!-- TestRunner.TestNGRunnerEdge -->
