<?xml version="1.0" encoding="UTF-8"?>
<!-- Generated by org.testng.reporters.JUnitReportReporter -->
<testsuite hostname="DESKTOP-CN29LMF" failures="0" tests="200" name="TestRunner.TestNGRunnerChrome" time="905.477" errors="0" timestamp="2024-11-03T02:03:52 EST" skipped="0">
  <testcase classname="TestRunner.TestNGRunnerChrome" name="runScenario" time="1.838"/>
  <testcase classname="TestRunner.TestNGRunnerChrome" name="runScenario" time="1.405"/>
  <testcase classname="TestRunner.TestNGRunnerChrome" name="runScenario" time="3.207"/>
  <testcase classname="TestRunner.TestNGRunnerChrome" name="runScenario" time="1.846"/>
  <testcase classname="TestRunner.TestNGRunnerChrome" name="runScenario" time="1.949"/>
  <testcase classname="TestRunner.TestNGRunnerChrome" name="runScenario" time="2.776"/>
  <testcase classname="TestRunner.TestNGRunnerChrome" name="runScenario" time="2.653"/>
  <testcase classname="TestRunner.TestNGRunnerChrome" name="runScenario" time="7.452"/>
  <testcase classname="TestRunner.TestNGRunnerChrome" name="runScenario" time="7.645"/>
  <testcase classname="TestRunner.TestNGRunnerChrome" name="runScenario" time="8.865"/>
  <testcase classname="TestRunner.TestNGRunnerChrome" name="runScenario" time="3.990"/>
  <testcase classname="TestRunner.TestNGRunnerChrome" name="runScenario" time="8.192"/>
  <testcase classname="TestRunner.TestNGRunnerChrome" name="runScenario" time="7.211"/>
  <testcase classname="TestRunner.TestNGRunnerChrome" name="runScenario" time="4.066"/>
  <testcase classname="TestRunner.TestNGRunnerChrome" name="runScenario" time="4.002"/>
  <testcase classname="TestRunner.TestNGRunnerChrome" name="runScenario" time="3.999"/>
  <testcase classname="TestRunner.TestNGRunnerChrome" name="runScenario" time="2.490"/>
  <testcase classname="TestRunner.TestNGRunnerChrome" name="runScenario" time="2.510"/>
  <testcase classname="TestRunner.TestNGRunnerChrome" name="runScenario" time="7.293"/>
  <testcase classname="TestRunner.TestNGRunnerChrome" name="runScenario" time="1.779"/>
  <testcase classname="TestRunner.TestNGRunnerChrome" name="runScenario" time="3.500"/>
  <testcase classname="TestRunner.TestNGRunnerChrome" name="runScenario" time="2.470"/>
  <testcase classname="TestRunner.TestNGRunnerChrome" name="runScenario" time="2.476"/>
  <testcase classname="TestRunner.TestNGRunnerChrome" name="runScenario" time="2.012"/>
  <testcase classname="TestRunner.TestNGRunnerChrome" name="runScenario" time="3.513"/>
  <testcase classname="TestRunner.TestNGRunnerChrome" name="runScenario" time="2.634"/>
  <testcase classname="TestRunner.TestNGRunnerChrome" name="runScenario" time="3.117"/>
  <testcase classname="TestRunner.TestNGRunnerChrome" name="runScenario" time="1.998"/>
  <testcase classname="TestRunner.TestNGRunnerChrome" name="runScenario" time="8.236"/>
  <testcase classname="TestRunner.TestNGRunnerChrome" name="runScenario" time="7.214"/>
  <testcase classname="TestRunner.TestNGRunnerChrome" name="runScenario" time="7.194"/>
  <testcase classname="TestRunner.TestNGRunnerChrome" name="runScenario" time="1.484"/>
  <testcase classname="TestRunner.TestNGRunnerChrome" name="runScenario" time="2.088"/>
  <testcase classname="TestRunner.TestNGRunnerChrome" name="runScenario" time="2.959"/>
  <testcase classname="TestRunner.TestNGRunnerChrome" name="runScenario" time="2.759"/>
  <testcase classname="TestRunner.TestNGRunnerChrome" name="runScenario" time="4.029"/>
  <testcase classname="TestRunner.TestNGRunnerChrome" name="runScenario" time="2.409"/>
  <testcase classname="TestRunner.TestNGRunnerChrome" name="runScenario" time="8.595"/>
  <testcase classname="TestRunner.TestNGRunnerChrome" name="runScenario" time="3.543"/>
  <testcase classname="TestRunner.TestNGRunnerChrome" name="runScenario" time="8.454"/>
  <testcase classname="TestRunner.TestNGRunnerChrome" name="runScenario" time="3.937"/>
  <testcase classname="TestRunner.TestNGRunnerChrome" name="runScenario" time="2.506"/>
  <testcase classname="TestRunner.TestNGRunnerChrome" name="runScenario" time="2.915"/>
  <testcase classname="TestRunner.TestNGRunnerChrome" name="runScenario" time="8.328"/>
  <testcase classname="TestRunner.TestNGRunnerChrome" name="runScenario" time="7.243"/>
  <testcase classname="TestRunner.TestNGRunnerChrome" name="runScenario" time="2.888"/>
  <testcase classname="TestRunner.TestNGRunnerChrome" name="runScenario" time="2.470"/>
  <testcase classname="TestRunner.TestNGRunnerChrome" name="runScenario" time="3.892"/>
  <testcase classname="TestRunner.TestNGRunnerChrome" name="runScenario" time="8.244"/>
  <testcase classname="TestRunner.TestNGRunnerChrome" name="runScenario" time="3.949"/>
  <testcase classname="TestRunner.TestNGRunnerChrome" name="runScenario" time="3.467"/>
  <testcase classname="TestRunner.TestNGRunnerChrome" name="runScenario" time="2.556"/>
  <testcase classname="TestRunner.TestNGRunnerChrome" name="runScenario" time="2.884"/>
  <testcase classname="TestRunner.TestNGRunnerChrome" name="runScenario" time="3.193"/>
  <testcase classname="TestRunner.TestNGRunnerChrome" name="runScenario" time="8.362"/>
  <testcase classname="TestRunner.TestNGRunnerChrome" name="runScenario" time="4.063"/>
  <testcase classname="TestRunner.TestNGRunnerChrome" name="runScenario" time="8.340"/>
  <testcase classname="TestRunner.TestNGRunnerChrome" name="runScenario" time="2.060"/>
  <testcase classname="TestRunner.TestNGRunnerChrome" name="runScenario" time="2.721"/>
  <testcase classname="TestRunner.TestNGRunnerChrome" name="runScenario" time="8.509"/>
  <testcase classname="TestRunner.TestNGRunnerChrome" name="runScenario" time="8.309"/>
  <testcase classname="TestRunner.TestNGRunnerChrome" name="runScenario" time="4.494"/>
  <testcase classname="TestRunner.TestNGRunnerChrome" name="runScenario" time="8.523"/>
  <testcase classname="TestRunner.TestNGRunnerChrome" name="runScenario" time="4.123"/>
  <testcase classname="TestRunner.TestNGRunnerChrome" name="runScenario" time="7.221"/>
  <testcase classname="TestRunner.TestNGRunnerChrome" name="runScenario" time="8.402"/>
  <testcase classname="TestRunner.TestNGRunnerChrome" name="runScenario" time="4.007"/>
  <testcase classname="TestRunner.TestNGRunnerChrome" name="runScenario" time="2.974"/>
  <testcase classname="TestRunner.TestNGRunnerChrome" name="runScenario" time="3.057"/>
  <testcase classname="TestRunner.TestNGRunnerChrome" name="runScenario" time="4.714"/>
  <testcase classname="TestRunner.TestNGRunnerChrome" name="runScenario" time="7.303"/>
  <testcase classname="TestRunner.TestNGRunnerChrome" name="runScenario" time="8.255"/>
  <testcase classname="TestRunner.TestNGRunnerChrome" name="runScenario" time="2.500"/>
  <testcase classname="TestRunner.TestNGRunnerChrome" name="runScenario" time="7.297"/>
  <testcase classname="TestRunner.TestNGRunnerChrome" name="runScenario" time="7.208"/>
  <testcase classname="TestRunner.TestNGRunnerChrome" name="runScenario" time="2.744"/>
  <testcase classname="TestRunner.TestNGRunnerChrome" name="runScenario" time="2.871"/>
  <testcase classname="TestRunner.TestNGRunnerChrome" name="runScenario" time="7.215"/>
  <testcase classname="TestRunner.TestNGRunnerChrome" name="runScenario" time="7.906"/>
  <testcase classname="TestRunner.TestNGRunnerChrome" name="runScenario" time="4.036"/>
  <testcase classname="TestRunner.TestNGRunnerChrome" name="runScenario" time="3.590"/>
  <testcase classname="TestRunner.TestNGRunnerChrome" name="runScenario" time="8.272"/>
  <testcase classname="TestRunner.TestNGRunnerChrome" name="runScenario" time="3.090"/>
  <testcase classname="TestRunner.TestNGRunnerChrome" name="runScenario" time="2.573"/>
  <testcase classname="TestRunner.TestNGRunnerChrome" name="runScenario" time="2.494"/>
  <testcase classname="TestRunner.TestNGRunnerChrome" name="runScenario" time="2.670"/>
  <testcase classname="TestRunner.TestNGRunnerChrome" name="runScenario" time="2.583"/>
  <testcase classname="TestRunner.TestNGRunnerChrome" name="runScenario" time="4.503"/>
  <testcase classname="TestRunner.TestNGRunnerChrome" name="runScenario" time="1.995"/>
  <testcase classname="TestRunner.TestNGRunnerChrome" name="runScenario" time="4.007"/>
  <testcase classname="TestRunner.TestNGRunnerChrome" name="runScenario" time="2.484"/>
  <testcase classname="TestRunner.TestNGRunnerChrome" name="runScenario" time="1.455"/>
  <testcase classname="TestRunner.TestNGRunnerChrome" name="runScenario" time="2.473"/>
  <testcase classname="TestRunner.TestNGRunnerChrome" name="runScenario" time="2.990"/>
  <testcase classname="TestRunner.TestNGRunnerChrome" name="runScenario" time="7.467"/>
  <testcase classname="TestRunner.TestNGRunnerChrome" name="runScenario" time="7.547"/>
  <testcase classname="TestRunner.TestNGRunnerChrome" name="runScenario" time="2.951"/>
  <testcase classname="TestRunner.TestNGRunnerChrome" name="runScenario" time="2.914"/>
  <testcase classname="TestRunner.TestNGRunnerChrome" name="runScenario" time="7.296"/>
  <testcase classname="TestRunner.TestNGRunnerChrome" name="runScenario" time="8.188"/>
  <testcase classname="TestRunner.TestNGRunnerChrome" name="runScenario" time="4.547"/>
  <testcase classname="TestRunner.TestNGRunnerChrome" name="runScenario" time="3.041"/>
  <testcase classname="TestRunner.TestNGRunnerChrome" name="runScenario" time="4.188"/>
  <testcase classname="TestRunner.TestNGRunnerChrome" name="runScenario" time="7.310"/>
  <testcase classname="TestRunner.TestNGRunnerChrome" name="runScenario" time="3.211"/>
  <testcase classname="TestRunner.TestNGRunnerChrome" name="runScenario" time="7.320"/>
  <testcase classname="TestRunner.TestNGRunnerChrome" name="runScenario" time="3.980"/>
  <testcase classname="TestRunner.TestNGRunnerChrome" name="runScenario" time="4.103"/>
  <testcase classname="TestRunner.TestNGRunnerChrome" name="runScenario" time="7.069"/>
  <testcase classname="TestRunner.TestNGRunnerChrome" name="runScenario" time="2.754"/>
  <testcase classname="TestRunner.TestNGRunnerChrome" name="runScenario" time="4.167"/>
  <testcase classname="TestRunner.TestNGRunnerChrome" name="runScenario" time="7.278"/>
  <testcase classname="TestRunner.TestNGRunnerChrome" name="runScenario" time="1.830"/>
  <testcase classname="TestRunner.TestNGRunnerChrome" name="runScenario" time="7.267"/>
  <testcase classname="TestRunner.TestNGRunnerChrome" name="runScenario" time="2.567"/>
  <testcase classname="TestRunner.TestNGRunnerChrome" name="runScenario" time="2.417"/>
  <testcase classname="TestRunner.TestNGRunnerChrome" name="runScenario" time="3.987"/>
  <testcase classname="TestRunner.TestNGRunnerChrome" name="runScenario" time="3.401"/>
  <testcase classname="TestRunner.TestNGRunnerChrome" name="runScenario" time="2.702"/>
  <testcase classname="TestRunner.TestNGRunnerChrome" name="runScenario" time="2.972"/>
  <testcase classname="TestRunner.TestNGRunnerChrome" name="runScenario" time="2.606"/>
  <testcase classname="TestRunner.TestNGRunnerChrome" name="runScenario" time="3.180"/>
  <testcase classname="TestRunner.TestNGRunnerChrome" name="runScenario" time="3.137"/>
  <testcase classname="TestRunner.TestNGRunnerChrome" name="runScenario" time="1.845"/>
  <testcase classname="TestRunner.TestNGRunnerChrome" name="runScenario" time="2.964"/>
  <testcase classname="TestRunner.TestNGRunnerChrome" name="runScenario" time="2.994"/>
  <testcase classname="TestRunner.TestNGRunnerChrome" name="runScenario" time="2.838"/>
  <testcase classname="TestRunner.TestNGRunnerChrome" name="runScenario" time="8.344"/>
  <testcase classname="TestRunner.TestNGRunnerChrome" name="runScenario" time="1.470"/>
  <testcase classname="TestRunner.TestNGRunnerChrome" name="runScenario" time="4.028"/>
  <testcase classname="TestRunner.TestNGRunnerChrome" name="runScenario" time="2.497"/>
  <testcase classname="TestRunner.TestNGRunnerChrome" name="runScenario" time="2.579"/>
  <testcase classname="TestRunner.TestNGRunnerChrome" name="runScenario" time="3.938"/>
  <testcase classname="TestRunner.TestNGRunnerChrome" name="runScenario" time="2.887"/>
  <testcase classname="TestRunner.TestNGRunnerChrome" name="runScenario" time="2.656"/>
  <testcase classname="TestRunner.TestNGRunnerChrome" name="runScenario" time="2.476"/>
  <testcase classname="TestRunner.TestNGRunnerChrome" name="runScenario" time="3.320"/>
  <testcase classname="TestRunner.TestNGRunnerChrome" name="runScenario" time="3.088"/>
  <testcase classname="TestRunner.TestNGRunnerChrome" name="runScenario" time="7.562"/>
  <testcase classname="TestRunner.TestNGRunnerChrome" name="runScenario" time="7.370"/>
  <testcase classname="TestRunner.TestNGRunnerChrome" name="runScenario" time="8.042"/>
  <testcase classname="TestRunner.TestNGRunnerChrome" name="runScenario" time="7.414"/>
  <testcase classname="TestRunner.TestNGRunnerChrome" name="runScenario" time="8.310"/>
  <testcase classname="TestRunner.TestNGRunnerChrome" name="runScenario" time="3.058"/>
  <testcase classname="TestRunner.TestNGRunnerChrome" name="runScenario" time="7.626"/>
  <testcase classname="TestRunner.TestNGRunnerChrome" name="runScenario" time="7.620"/>
  <testcase classname="TestRunner.TestNGRunnerChrome" name="runScenario" time="7.298"/>
  <testcase classname="TestRunner.TestNGRunnerChrome" name="runScenario" time="7.278"/>
  <testcase classname="TestRunner.TestNGRunnerChrome" name="runScenario" time="1.983"/>
  <testcase classname="TestRunner.TestNGRunnerChrome" name="runScenario" time="7.259"/>
  <testcase classname="TestRunner.TestNGRunnerChrome" name="runScenario" time="2.550"/>
  <testcase classname="TestRunner.TestNGRunnerChrome" name="runScenario" time="7.340"/>
  <testcase classname="TestRunner.TestNGRunnerChrome" name="runScenario" time="7.456"/>
  <testcase classname="TestRunner.TestNGRunnerChrome" name="runScenario" time="4.040"/>
  <testcase classname="TestRunner.TestNGRunnerChrome" name="runScenario" time="2.955"/>
  <testcase classname="TestRunner.TestNGRunnerChrome" name="runScenario" time="7.176"/>
  <testcase classname="TestRunner.TestNGRunnerChrome" name="runScenario" time="7.147"/>
  <testcase classname="TestRunner.TestNGRunnerChrome" name="runScenario" time="7.267"/>
  <testcase classname="TestRunner.TestNGRunnerChrome" name="runScenario" time="8.476"/>
  <testcase classname="TestRunner.TestNGRunnerChrome" name="runScenario" time="3.072"/>
  <testcase classname="TestRunner.TestNGRunnerChrome" name="runScenario" time="8.368"/>
  <testcase classname="TestRunner.TestNGRunnerChrome" name="runScenario" time="7.297"/>
  <testcase classname="TestRunner.TestNGRunnerChrome" name="runScenario" time="2.450"/>
  <testcase classname="TestRunner.TestNGRunnerChrome" name="runScenario" time="8.360"/>
  <testcase classname="TestRunner.TestNGRunnerChrome" name="runScenario" time="2.277"/>
  <testcase classname="TestRunner.TestNGRunnerChrome" name="runScenario" time="8.226"/>
  <testcase classname="TestRunner.TestNGRunnerChrome" name="runScenario" time="3.618"/>
  <testcase classname="TestRunner.TestNGRunnerChrome" name="runScenario" time="8.400"/>
  <testcase classname="TestRunner.TestNGRunnerChrome" name="runScenario" time="4.030"/>
  <testcase classname="TestRunner.TestNGRunnerChrome" name="runScenario" time="1.429"/>
  <testcase classname="TestRunner.TestNGRunnerChrome" name="runScenario" time="7.474"/>
  <testcase classname="TestRunner.TestNGRunnerChrome" name="runScenario" time="2.588"/>
  <testcase classname="TestRunner.TestNGRunnerChrome" name="runScenario" time="3.925"/>
  <testcase classname="TestRunner.TestNGRunnerChrome" name="runScenario" time="2.517"/>
  <testcase classname="TestRunner.TestNGRunnerChrome" name="runScenario" time="2.962"/>
  <testcase classname="TestRunner.TestNGRunnerChrome" name="runScenario" time="1.129"/>
  <testcase classname="TestRunner.TestNGRunnerChrome" name="runScenario" time="2.602"/>
  <testcase classname="TestRunner.TestNGRunnerChrome" name="runScenario" time="4.058"/>
  <testcase classname="TestRunner.TestNGRunnerChrome" name="runScenario" time="3.096"/>
  <testcase classname="TestRunner.TestNGRunnerChrome" name="runScenario" time="3.140"/>
  <testcase classname="TestRunner.TestNGRunnerChrome" name="runScenario" time="2.980"/>
  <testcase classname="TestRunner.TestNGRunnerChrome" name="runScenario" time="8.231"/>
  <testcase classname="TestRunner.TestNGRunnerChrome" name="runScenario" time="4.448"/>
  <testcase classname="TestRunner.TestNGRunnerChrome" name="runScenario" time="8.282"/>
  <testcase classname="TestRunner.TestNGRunnerChrome" name="runScenario" time="8.248"/>
  <testcase classname="TestRunner.TestNGRunnerChrome" name="runScenario" time="2.399"/>
  <testcase classname="TestRunner.TestNGRunnerChrome" name="runScenario" time="2.585"/>
  <testcase classname="TestRunner.TestNGRunnerChrome" name="runScenario" time="2.905"/>
  <testcase classname="TestRunner.TestNGRunnerChrome" name="runScenario" time="7.333"/>
  <testcase classname="TestRunner.TestNGRunnerChrome" name="runScenario" time="2.776"/>
  <testcase classname="TestRunner.TestNGRunnerChrome" name="runScenario" time="1.451"/>
  <testcase classname="TestRunner.TestNGRunnerChrome" name="runScenario" time="8.423"/>
  <testcase classname="TestRunner.TestNGRunnerChrome" name="runScenario" time="3.043"/>
  <testcase classname="TestRunner.TestNGRunnerChrome" name="runScenario" time="4.030"/>
  <testcase classname="TestRunner.TestNGRunnerChrome" name="runScenario" time="1.231"/>
  <testcase classname="TestRunner.TestNGRunnerChrome" name="runScenario" time="2.935"/>
  <testcase classname="TestRunner.TestNGRunnerChrome" name="runScenario" time="4.028"/>
  <testcase classname="TestRunner.TestNGRunnerChrome" name="runScenario" time="2.646"/>
  <testcase classname="TestRunner.TestNGRunnerChrome" name="runScenario" time="2.672"/>
  <testcase classname="TestRunner.TestNGRunnerChrome" name="runScenario" time="2.548"/>
</testsuite> <!-- TestRunner.TestNGRunnerChrome -->
